TpTrace Verbose: 0 : 11608, 1, 2024/12/01, 14:13:47.813, 55465354858, vstest.console.dll, Version: 17.11.1-release-24455-02 Current process architecture: X64
TpTrace Verbose: 0 : 11608, 1, 2024/12/01, 14:13:47.815, 55465377546, vstest.console.dll, Runtime location: C:\Program Files\dotnet\shared\Microsoft.NETCore.App\8.0.10
TpTrace Verbose: 0 : 11608, 1, 2024/12/01, 14:13:47.817, 55465392699, vstest.console.dll, ArtifactProcessingPostProcessModeProcessorExecutor.Initialize: ArtifactProcessingMode.Collect
TpTrace Verbose: 0 : 11608, 1, 2024/12/01, 14:13:47.817, 55465393952, vstest.console.dll, TestSessionCorrelationIdProcessorModeProcessorExecutor.Initialize: TestSessionCorrelationId '17792_55c445fd-8d25-4095-8b19-c8ae8e543671'
TpTrace Information: 0 : 11608, 1, 2024/12/01, 14:13:47.827, 55465493564, vstest.console.dll, FilePatternParser: The given file C:\Users\Василий\Desktop\Homeworks_course2\ООП ПР\PR_9\PR_9\TestProject\bin\Debug\net8.0\fine-code-coverage\build-output\TestProject.dll is a full path.
TpTrace Verbose: 0 : 11608, 1, 2024/12/01, 14:13:47.830, 55465524764, vstest.console.dll, TestPluginCache.DiscoverTestExtensions: finding test extensions in assemblies ends with: RuntimeProvider.dll TPluginInfo: Microsoft.VisualStudio.TestPlatform.Common.ExtensionFramework.Utilities.TestRuntimePluginInformation TExtension: Microsoft.VisualStudio.TestPlatform.ObjectModel.Host.ITestRuntimeProvider
TpTrace Verbose: 0 : 11608, 1, 2024/12/01, 14:13:47.831, 55465532386, vstest.console.dll, TestPluginCache.GetExtensionPaths: Filtered extension paths: 
TpTrace Verbose: 0 : 11608, 1, 2024/12/01, 14:13:47.831, 55465533344, vstest.console.dll, TestPluginCache.GetExtensionPaths: Added default extension paths: C:\Program Files\dotnet\sdk\8.0.403\Extensions\Microsoft.Diagnostics.NETCore.Client.dll
C:\Program Files\dotnet\sdk\8.0.403\Extensions\Microsoft.TestPlatform.Extensions.BlameDataCollector.dll
C:\Program Files\dotnet\sdk\8.0.403\Extensions\Microsoft.TestPlatform.Extensions.EventLogCollector.dll
C:\Program Files\dotnet\sdk\8.0.403\Extensions\Microsoft.TestPlatform.TestHostRuntimeProvider.dll
C:\Program Files\dotnet\sdk\8.0.403\Extensions\Microsoft.VisualStudio.TestPlatform.Extensions.Html.TestLogger.dll
C:\Program Files\dotnet\sdk\8.0.403\Extensions\Microsoft.VisualStudio.TestPlatform.Extensions.Trx.TestLogger.dll
TpTrace Verbose: 0 : 11608, 1, 2024/12/01, 14:13:47.831, 55465533582, vstest.console.dll, TestPluginCache.GetExtensionPaths: Added unfilterableExtensionPaths: 
TpTrace Information: 0 : 11608, 1, 2024/12/01, 14:13:47.831, 55465537952, vstest.console.dll, AssemblyResolver.ctor: Creating AssemblyResolver with searchDirectories C:\Program Files\dotnet\sdk\8.0.403\Extensions,C:\Program Files\dotnet\sdk\8.0.403
TpTrace Verbose: 0 : 11608, 1, 2024/12/01, 14:13:47.832, 55465543991, vstest.console.dll, TestPluginCache.DiscoverTestExtensions: Discovering the extensions using extension path.
TpTrace Verbose: 0 : 11608, 1, 2024/12/01, 14:13:47.832, 55465544976, vstest.console.dll, TestPluginCache.GetExtensionPaths: Filtered extension paths: 
TpTrace Verbose: 0 : 11608, 1, 2024/12/01, 14:13:47.832, 55465545251, vstest.console.dll, TestPluginCache.GetExtensionPaths: Added default extension paths: C:\Program Files\dotnet\sdk\8.0.403\Extensions\Microsoft.Diagnostics.NETCore.Client.dll
C:\Program Files\dotnet\sdk\8.0.403\Extensions\Microsoft.TestPlatform.Extensions.BlameDataCollector.dll
C:\Program Files\dotnet\sdk\8.0.403\Extensions\Microsoft.TestPlatform.Extensions.EventLogCollector.dll
C:\Program Files\dotnet\sdk\8.0.403\Extensions\Microsoft.TestPlatform.TestHostRuntimeProvider.dll
C:\Program Files\dotnet\sdk\8.0.403\Extensions\Microsoft.VisualStudio.TestPlatform.Extensions.Html.TestLogger.dll
C:\Program Files\dotnet\sdk\8.0.403\Extensions\Microsoft.VisualStudio.TestPlatform.Extensions.Trx.TestLogger.dll
TpTrace Verbose: 0 : 11608, 1, 2024/12/01, 14:13:47.832, 55465545414, vstest.console.dll, TestPluginCache.GetExtensionPaths: Added unfilterableExtensionPaths: 
TpTrace Verbose: 0 : 11608, 1, 2024/12/01, 14:13:47.832, 55465545892, vstest.console.dll, TestPluginCache.DiscoverTestExtensions: Discovering the extensions using allExtensionPaths: C:\Program Files\dotnet\sdk\8.0.403\Extensions\Microsoft.Diagnostics.NETCore.Client.dll
C:\Program Files\dotnet\sdk\8.0.403\Extensions\Microsoft.TestPlatform.Extensions.BlameDataCollector.dll
C:\Program Files\dotnet\sdk\8.0.403\Extensions\Microsoft.TestPlatform.Extensions.EventLogCollector.dll
C:\Program Files\dotnet\sdk\8.0.403\Extensions\Microsoft.TestPlatform.TestHostRuntimeProvider.dll
C:\Program Files\dotnet\sdk\8.0.403\Extensions\Microsoft.VisualStudio.TestPlatform.Extensions.Html.TestLogger.dll
C:\Program Files\dotnet\sdk\8.0.403\Extensions\Microsoft.VisualStudio.TestPlatform.Extensions.Trx.TestLogger.dll
TpTrace Information: 0 : 11608, 1, 2024/12/01, 14:13:47.832, 55465547069, vstest.console.dll, AssemblyResolver.AddSearchDirectories: Adding more searchDirectories C:\Program Files\dotnet\sdk\8.0.403\Extensions,C:\Program Files\dotnet\sdk\8.0.403
TpTrace Information: 0 : 11608, 1, 2024/12/01, 14:13:47.832, 55465547458, vstest.console.dll, AssemblyResolver.AddSearchDirectories: Adding more searchDirectories C:\Program Files\dotnet\sdk\8.0.403\Extensions,C:\Program Files\dotnet\sdk\8.0.403
TpTrace Information: 0 : 11608, 1, 2024/12/01, 14:13:47.832, 55465547678, vstest.console.dll, AssemblyResolver.AddSearchDirectories: Adding more searchDirectories C:\Program Files\dotnet\sdk\8.0.403\Extensions,C:\Program Files\dotnet\sdk\8.0.403
TpTrace Information: 0 : 11608, 1, 2024/12/01, 14:13:47.832, 55465547981, vstest.console.dll, AssemblyResolver.AddSearchDirectories: Adding more searchDirectories C:\Program Files\dotnet\sdk\8.0.403\Extensions,C:\Program Files\dotnet\sdk\8.0.403
TpTrace Information: 0 : 11608, 1, 2024/12/01, 14:13:47.832, 55465548359, vstest.console.dll, AssemblyResolver.AddSearchDirectories: Adding more searchDirectories C:\Program Files\dotnet\sdk\8.0.403\Extensions,C:\Program Files\dotnet\sdk\8.0.403
TpTrace Information: 0 : 11608, 1, 2024/12/01, 14:13:47.832, 55465548531, vstest.console.dll, AssemblyResolver.AddSearchDirectories: Adding more searchDirectories C:\Program Files\dotnet\sdk\8.0.403\Extensions,C:\Program Files\dotnet\sdk\8.0.403
TpTrace Information: 0 : 11608, 1, 2024/12/01, 14:13:47.833, 55465551232, vstest.console.dll, AssemblyResolver.OnResolve: Microsoft.Diagnostics.NETCore.Client: Resolving assembly.
TpTrace Information: 0 : 11608, 1, 2024/12/01, 14:13:47.833, 55465551889, vstest.console.dll, AssemblyResolver.OnResolve: Microsoft.Diagnostics.NETCore.Client: Searching in: 'C:\Program Files\dotnet\sdk\8.0.403\Extensions'.
TpTrace Information: 0 : 11608, 1, 2024/12/01, 14:13:47.837, 55465598042, vstest.console.dll, AssemblyResolver.OnResolve: Microsoft.Diagnostics.NETCore.Client: Loading assembly 'C:\Program Files\dotnet\sdk\8.0.403\Extensions\Microsoft.Diagnostics.NETCore.Client.dll'.
TpTrace Information: 0 : 11608, 1, 2024/12/01, 14:13:47.838, 55465603240, vstest.console.dll, AssemblyResolver.OnResolve: Resolved assembly: Microsoft.Diagnostics.NETCore.Client, from path: C:\Program Files\dotnet\sdk\8.0.403\Extensions\Microsoft.Diagnostics.NETCore.Client.dll
TpTrace Verbose: 0 : 11608, 1, 2024/12/01, 14:13:47.841, 55465636657, vstest.console.dll, MetadataReaderExtensionsHelper: Discovering extensions inside assembly 'Microsoft.Diagnostics.NETCore.Client, Version=0.2.10.30701, Culture=neutral, PublicKeyToken=31bf3856ad364e35' file path 'C:\Program Files\dotnet\sdk\8.0.403\Extensions\Microsoft.Diagnostics.NETCore.Client.dll'
TpTrace Information: 0 : 11608, 1, 2024/12/01, 14:13:47.844, 55465662717, vstest.console.dll, AssemblyResolver.OnResolve: Microsoft.Bcl.AsyncInterfaces: Resolving assembly.
TpTrace Information: 0 : 11608, 1, 2024/12/01, 14:13:47.844, 55465663651, vstest.console.dll, AssemblyResolver.OnResolve: Microsoft.Bcl.AsyncInterfaces: Searching in: 'C:\Program Files\dotnet\sdk\8.0.403\Extensions'.
TpTrace Information: 0 : 11608, 1, 2024/12/01, 14:13:47.844, 55465664284, vstest.console.dll, AssemblyResolver.OnResolve: Microsoft.Bcl.AsyncInterfaces: Assembly path does not exist: 'C:\Program Files\dotnet\sdk\8.0.403\Extensions\Microsoft.Bcl.AsyncInterfaces.dll', returning.
TpTrace Information: 0 : 11608, 1, 2024/12/01, 14:13:47.844, 55465665086, vstest.console.dll, AssemblyResolver.OnResolve: Microsoft.Bcl.AsyncInterfaces: Assembly path does not exist: 'C:\Program Files\dotnet\sdk\8.0.403\Extensions\Microsoft.Bcl.AsyncInterfaces.exe', returning.
TpTrace Information: 0 : 11608, 1, 2024/12/01, 14:13:47.844, 55465665287, vstest.console.dll, AssemblyResolver.OnResolve: Microsoft.Bcl.AsyncInterfaces: Searching in: 'C:\Program Files\dotnet\sdk\8.0.403'.
TpTrace Information: 0 : 11608, 1, 2024/12/01, 14:13:47.844, 55465665660, vstest.console.dll, AssemblyResolver.OnResolve: Microsoft.Bcl.AsyncInterfaces: Assembly path does not exist: 'C:\Program Files\dotnet\sdk\8.0.403\Microsoft.Bcl.AsyncInterfaces.dll', returning.
TpTrace Information: 0 : 11608, 1, 2024/12/01, 14:13:47.844, 55465665967, vstest.console.dll, AssemblyResolver.OnResolve: Microsoft.Bcl.AsyncInterfaces: Assembly path does not exist: 'C:\Program Files\dotnet\sdk\8.0.403\Microsoft.Bcl.AsyncInterfaces.exe', returning.
TpTrace Information: 0 : 11608, 1, 2024/12/01, 14:13:47.844, 55465666150, vstest.console.dll, AssemblyResolver.OnResolve: Microsoft.Bcl.AsyncInterfaces: Failed to load assembly.
TpTrace Verbose: 0 : 11608, 1, 2024/12/01, 14:13:47.844, 55465666372, vstest.console.dll, CurrentDomainAssemblyResolve: Resolving assembly 'Microsoft.Bcl.AsyncInterfaces'.
TpTrace Information: 0 : 11608, 1, 2024/12/01, 14:13:47.844, 55465666760, vstest.console.dll, AssemblyResolver.OnResolve: Microsoft.Bcl.AsyncInterfaces: Resolving assembly.
TpTrace Information: 0 : 11608, 1, 2024/12/01, 14:13:47.844, 55465667022, vstest.console.dll, AssemblyResolver.OnResolve: Microsoft.Bcl.AsyncInterfaces: Resolved from cache.
TpTrace Verbose: 0 : 11608, 1, 2024/12/01, 14:13:47.844, 55465667164, vstest.console.dll, CurrentDomainAssemblyResolve: Resolving assembly 'Microsoft.Bcl.AsyncInterfaces'.
TpTrace Verbose: 0 : 11608, 1, 2024/12/01, 14:13:47.844, 55465667359, vstest.console.dll, CurrentDomainAssemblyResolve: Failed to resolve assembly 'Microsoft.Bcl.AsyncInterfaces'.
TpTrace Verbose: 0 : 11608, 1, 2024/12/01, 14:13:47.845, 55465671422, vstest.console.dll, CurrentDomainAssemblyResolve: Failed to resolve assembly 'Microsoft.Bcl.AsyncInterfaces'.
TpTrace Warning: 0 : 11608, 1, 2024/12/01, 14:13:47.852, 55465740646, vstest.console.dll, TestPluginDiscoverer: Failed to get types from assembly 'Microsoft.Diagnostics.NETCore.Client, Version=0.2.10.30701, Culture=neutral, PublicKeyToken=31bf3856ad364e35'. Error: System.Reflection.ReflectionTypeLoadException: Unable to load one or more of the requested types.
Could not load file or assembly 'Microsoft.Bcl.AsyncInterfaces, Version=6.0.0.0, Culture=neutral, PublicKeyToken=cc7b13ffcd2ddd51'. Не удается найти указанный файл.
   at System.Reflection.RuntimeModule.GetTypes(RuntimeModule module)
   at System.Reflection.RuntimeModule.GetTypes()
   at Microsoft.VisualStudio.TestPlatform.Common.ExtensionFramework.TestPluginDiscoverer.GetTestExtensionsFromAssembly[TPluginInfo,TExtension](Assembly assembly, Dictionary`2 pluginInfos, String filePath) in /_/src/Microsoft.TestPlatform.Common/ExtensionFramework/TestPluginDiscoverer.cs:line 158
System.IO.FileNotFoundException: Could not load file or assembly 'Microsoft.Bcl.AsyncInterfaces, Version=6.0.0.0, Culture=neutral, PublicKeyToken=cc7b13ffcd2ddd51'. Не удается найти указанный файл.
File name: 'Microsoft.Bcl.AsyncInterfaces, Version=6.0.0.0, Culture=neutral, PublicKeyToken=cc7b13ffcd2ddd51'
 ---> System.IO.FileNotFoundException: Could not load file or assembly 'Microsoft.Bcl.AsyncInterfaces, Culture=neutral, PublicKeyToken=null'. Не удается найти указанный файл.
File name: 'Microsoft.Bcl.AsyncInterfaces, Culture=neutral, PublicKeyToken=null'
   at System.Reflection.RuntimeAssembly.InternalLoad(AssemblyName assemblyName, StackCrawlMark& stackMark, AssemblyLoadContext assemblyLoadContext, RuntimeAssembly requestingAssembly, Boolean throwOnFileNotFound)
   at System.Reflection.Assembly.Load(AssemblyName assemblyRef)
   at Microsoft.VisualStudio.TestPlatform.Common.ExtensionFramework.TestPluginCache.CurrentDomainAssemblyResolve(Object sender, AssemblyResolveEventArgs args) in /_/src/Microsoft.TestPlatform.Common/ExtensionFramework/TestPluginCache.cs:line 513
   at System.Runtime.Loader.AssemblyLoadContext.GetFirstResolvedAssemblyFromResolvingEvent(AssemblyName assemblyName)
   at System.Runtime.Loader.AssemblyLoadContext.ResolveUsingEvent(AssemblyName assemblyName)
   at System.Runtime.Loader.AssemblyLoadContext.ResolveUsingResolvingEvent(IntPtr gchManagedAssemblyLoadContext, AssemblyName assemblyName)
TpTrace Warning: 0 : 11608, 1, 2024/12/01, 14:13:47.852, 55465743411, vstest.console.dll, LoaderExceptions: System.IO.FileNotFoundException: Could not load file or assembly 'Microsoft.Bcl.AsyncInterfaces, Version=6.0.0.0, Culture=neutral, PublicKeyToken=cc7b13ffcd2ddd51'. Не удается найти указанный файл.
File name: 'Microsoft.Bcl.AsyncInterfaces, Version=6.0.0.0, Culture=neutral, PublicKeyToken=cc7b13ffcd2ddd51'
 ---> System.IO.FileNotFoundException: Could not load file or assembly 'Microsoft.Bcl.AsyncInterfaces, Culture=neutral, PublicKeyToken=null'. Не удается найти указанный файл.
File name: 'Microsoft.Bcl.AsyncInterfaces, Culture=neutral, PublicKeyToken=null'
   at System.Reflection.RuntimeAssembly.InternalLoad(AssemblyName assemblyName, StackCrawlMark& stackMark, AssemblyLoadContext assemblyLoadContext, RuntimeAssembly requestingAssembly, Boolean throwOnFileNotFound)
   at System.Reflection.Assembly.Load(AssemblyName assemblyRef)
   at Microsoft.VisualStudio.TestPlatform.Common.ExtensionFramework.TestPluginCache.CurrentDomainAssemblyResolve(Object sender, AssemblyResolveEventArgs args) in /_/src/Microsoft.TestPlatform.Common/ExtensionFramework/TestPluginCache.cs:line 513
   at System.Runtime.Loader.AssemblyLoadContext.GetFirstResolvedAssemblyFromResolvingEvent(AssemblyName assemblyName)
   at System.Runtime.Loader.AssemblyLoadContext.ResolveUsingEvent(AssemblyName assemblyName)
   at System.Runtime.Loader.AssemblyLoadContext.ResolveUsingResolvingEvent(IntPtr gchManagedAssemblyLoadContext, AssemblyName assemblyName)
TpTrace Information: 0 : 11608, 1, 2024/12/01, 14:13:47.852, 55465744436, vstest.console.dll, AssemblyResolver.OnResolve: Microsoft.TestPlatform.Extensions.BlameDataCollector: Resolving assembly.
TpTrace Information: 0 : 11608, 1, 2024/12/01, 14:13:47.852, 55465744820, vstest.console.dll, AssemblyResolver.OnResolve: Microsoft.TestPlatform.Extensions.BlameDataCollector: Searching in: 'C:\Program Files\dotnet\sdk\8.0.403\Extensions'.
TpTrace Information: 0 : 11608, 1, 2024/12/01, 14:13:47.852, 55465747238, vstest.console.dll, AssemblyResolver.OnResolve: Microsoft.TestPlatform.Extensions.BlameDataCollector: Loading assembly 'C:\Program Files\dotnet\sdk\8.0.403\Extensions\Microsoft.TestPlatform.Extensions.BlameDataCollector.dll'.
TpTrace Information: 0 : 11608, 1, 2024/12/01, 14:13:47.853, 55465750554, vstest.console.dll, AssemblyResolver.OnResolve: Resolved assembly: Microsoft.TestPlatform.Extensions.BlameDataCollector, from path: C:\Program Files\dotnet\sdk\8.0.403\Extensions\Microsoft.TestPlatform.Extensions.BlameDataCollector.dll
TpTrace Verbose: 0 : 11608, 1, 2024/12/01, 14:13:47.853, 55465751245, vstest.console.dll, MetadataReaderExtensionsHelper: Discovering extensions inside assembly 'Microsoft.TestPlatform.Extensions.BlameDataCollector, Version=15.0.0.0, Culture=neutral, PublicKeyToken=b03f5f7f11d50a3a' file path 'C:\Program Files\dotnet\sdk\8.0.403\Extensions\Microsoft.TestPlatform.Extensions.BlameDataCollector.dll'
TpTrace Information: 0 : 11608, 1, 2024/12/01, 14:13:47.854, 55465762508, vstest.console.dll, AssemblyResolver.OnResolve: Microsoft.TestPlatform.Extensions.EventLogCollector: Resolving assembly.
TpTrace Information: 0 : 11608, 1, 2024/12/01, 14:13:47.854, 55465763469, vstest.console.dll, AssemblyResolver.OnResolve: Microsoft.TestPlatform.Extensions.EventLogCollector: Searching in: 'C:\Program Files\dotnet\sdk\8.0.403\Extensions'.
TpTrace Information: 0 : 11608, 1, 2024/12/01, 14:13:47.854, 55465766056, vstest.console.dll, AssemblyResolver.OnResolve: Microsoft.TestPlatform.Extensions.EventLogCollector: Loading assembly 'C:\Program Files\dotnet\sdk\8.0.403\Extensions\Microsoft.TestPlatform.Extensions.EventLogCollector.dll'.
TpTrace Information: 0 : 11608, 1, 2024/12/01, 14:13:47.854, 55465768498, vstest.console.dll, AssemblyResolver.OnResolve: Resolved assembly: Microsoft.TestPlatform.Extensions.EventLogCollector, from path: C:\Program Files\dotnet\sdk\8.0.403\Extensions\Microsoft.TestPlatform.Extensions.EventLogCollector.dll
TpTrace Verbose: 0 : 11608, 1, 2024/12/01, 14:13:47.854, 55465768968, vstest.console.dll, MetadataReaderExtensionsHelper: Discovering extensions inside assembly 'Microsoft.TestPlatform.Extensions.EventLogCollector, Version=15.0.0.0, Culture=neutral, PublicKeyToken=b03f5f7f11d50a3a' file path 'C:\Program Files\dotnet\sdk\8.0.403\Extensions\Microsoft.TestPlatform.Extensions.EventLogCollector.dll'
TpTrace Information: 0 : 11608, 1, 2024/12/01, 14:13:47.856, 55465783951, vstest.console.dll, AssemblyResolver.OnResolve: Microsoft.TestPlatform.TestHostRuntimeProvider: Resolving assembly.
TpTrace Information: 0 : 11608, 1, 2024/12/01, 14:13:47.856, 55465784947, vstest.console.dll, AssemblyResolver.OnResolve: Microsoft.TestPlatform.TestHostRuntimeProvider: Searching in: 'C:\Program Files\dotnet\sdk\8.0.403\Extensions'.
TpTrace Information: 0 : 11608, 1, 2024/12/01, 14:13:47.856, 55465787223, vstest.console.dll, AssemblyResolver.OnResolve: Microsoft.TestPlatform.TestHostRuntimeProvider: Loading assembly 'C:\Program Files\dotnet\sdk\8.0.403\Extensions\Microsoft.TestPlatform.TestHostRuntimeProvider.dll'.
TpTrace Information: 0 : 11608, 1, 2024/12/01, 14:13:47.857, 55465790284, vstest.console.dll, AssemblyResolver.OnResolve: Resolved assembly: Microsoft.TestPlatform.TestHostRuntimeProvider, from path: C:\Program Files\dotnet\sdk\8.0.403\Extensions\Microsoft.TestPlatform.TestHostRuntimeProvider.dll
TpTrace Verbose: 0 : 11608, 1, 2024/12/01, 14:13:47.857, 55465790779, vstest.console.dll, MetadataReaderExtensionsHelper: Discovering extensions inside assembly 'Microsoft.TestPlatform.TestHostRuntimeProvider, Version=15.0.0.0, Culture=neutral, PublicKeyToken=b03f5f7f11d50a3a' file path 'C:\Program Files\dotnet\sdk\8.0.403\Extensions\Microsoft.TestPlatform.TestHostRuntimeProvider.dll'
TpTrace Information: 0 : 11608, 1, 2024/12/01, 14:13:47.858, 55465801669, vstest.console.dll, GetTestExtensionFromType: Register extension with identifier data 'HostProvider://DefaultTestHost' and type 'Microsoft.VisualStudio.TestPlatform.CrossPlatEngine.Hosting.DefaultTestHostManager, Microsoft.TestPlatform.TestHostRuntimeProvider, Version=15.0.0.0, Culture=neutral, PublicKeyToken=b03f5f7f11d50a3a' inside file 'C:\Program Files\dotnet\sdk\8.0.403\Extensions\Microsoft.TestPlatform.TestHostRuntimeProvider.dll'
TpTrace Information: 0 : 11608, 1, 2024/12/01, 14:13:47.858, 55465804046, vstest.console.dll, GetTestExtensionFromType: Register extension with identifier data 'HostProvider://DotnetTestHost' and type 'Microsoft.VisualStudio.TestPlatform.CrossPlatEngine.Hosting.DotnetTestHostManager, Microsoft.TestPlatform.TestHostRuntimeProvider, Version=15.0.0.0, Culture=neutral, PublicKeyToken=b03f5f7f11d50a3a' inside file 'C:\Program Files\dotnet\sdk\8.0.403\Extensions\Microsoft.TestPlatform.TestHostRuntimeProvider.dll'
TpTrace Information: 0 : 11608, 1, 2024/12/01, 14:13:47.858, 55465804684, vstest.console.dll, AssemblyResolver.OnResolve: Microsoft.VisualStudio.TestPlatform.Extensions.Html.TestLogger: Resolving assembly.
TpTrace Information: 0 : 11608, 1, 2024/12/01, 14:13:47.858, 55465805054, vstest.console.dll, AssemblyResolver.OnResolve: Microsoft.VisualStudio.TestPlatform.Extensions.Html.TestLogger: Searching in: 'C:\Program Files\dotnet\sdk\8.0.403\Extensions'.
TpTrace Information: 0 : 11608, 1, 2024/12/01, 14:13:47.858, 55465807224, vstest.console.dll, AssemblyResolver.OnResolve: Microsoft.VisualStudio.TestPlatform.Extensions.Html.TestLogger: Loading assembly 'C:\Program Files\dotnet\sdk\8.0.403\Extensions\Microsoft.VisualStudio.TestPlatform.Extensions.Html.TestLogger.dll'.
TpTrace Information: 0 : 11608, 1, 2024/12/01, 14:13:47.859, 55465810420, vstest.console.dll, AssemblyResolver.OnResolve: Resolved assembly: Microsoft.VisualStudio.TestPlatform.Extensions.Html.TestLogger, from path: C:\Program Files\dotnet\sdk\8.0.403\Extensions\Microsoft.VisualStudio.TestPlatform.Extensions.Html.TestLogger.dll
TpTrace Verbose: 0 : 11608, 1, 2024/12/01, 14:13:47.859, 55465811026, vstest.console.dll, MetadataReaderExtensionsHelper: Discovering extensions inside assembly 'Microsoft.VisualStudio.TestPlatform.Extensions.Html.TestLogger, Version=15.0.0.0, Culture=neutral, PublicKeyToken=b03f5f7f11d50a3a' file path 'C:\Program Files\dotnet\sdk\8.0.403\Extensions\Microsoft.VisualStudio.TestPlatform.Extensions.Html.TestLogger.dll'
TpTrace Information: 0 : 11608, 1, 2024/12/01, 14:13:47.859, 55465816678, vstest.console.dll, AssemblyResolver.OnResolve: Microsoft.VisualStudio.TestPlatform.Extensions.Trx.TestLogger: Resolving assembly.
TpTrace Information: 0 : 11608, 1, 2024/12/01, 14:13:47.859, 55465817345, vstest.console.dll, AssemblyResolver.OnResolve: Microsoft.VisualStudio.TestPlatform.Extensions.Trx.TestLogger: Searching in: 'C:\Program Files\dotnet\sdk\8.0.403\Extensions'.
TpTrace Information: 0 : 11608, 1, 2024/12/01, 14:13:47.859, 55465819273, vstest.console.dll, AssemblyResolver.OnResolve: Microsoft.VisualStudio.TestPlatform.Extensions.Trx.TestLogger: Loading assembly 'C:\Program Files\dotnet\sdk\8.0.403\Extensions\Microsoft.VisualStudio.TestPlatform.Extensions.Trx.TestLogger.dll'.
TpTrace Information: 0 : 11608, 1, 2024/12/01, 14:13:47.860, 55465822152, vstest.console.dll, AssemblyResolver.OnResolve: Resolved assembly: Microsoft.VisualStudio.TestPlatform.Extensions.Trx.TestLogger, from path: C:\Program Files\dotnet\sdk\8.0.403\Extensions\Microsoft.VisualStudio.TestPlatform.Extensions.Trx.TestLogger.dll
TpTrace Verbose: 0 : 11608, 1, 2024/12/01, 14:13:47.860, 55465822601, vstest.console.dll, MetadataReaderExtensionsHelper: Discovering extensions inside assembly 'Microsoft.VisualStudio.TestPlatform.Extensions.Trx.TestLogger, Version=15.0.0.0, Culture=neutral, PublicKeyToken=b03f5f7f11d50a3a' file path 'C:\Program Files\dotnet\sdk\8.0.403\Extensions\Microsoft.VisualStudio.TestPlatform.Extensions.Trx.TestLogger.dll'
TpTrace Verbose: 0 : 11608, 1, 2024/12/01, 14:13:47.860, 55465829883, vstest.console.dll, TestPluginCache: Discovered the extensions using extension path ''.
TpTrace Verbose: 0 : 11608, 1, 2024/12/01, 14:13:47.861, 55465830504, vstest.console.dll, TestPluginCache: Discoverers are ''.
TpTrace Verbose: 0 : 11608, 1, 2024/12/01, 14:13:47.861, 55465830649, vstest.console.dll, TestPluginCache: Executors are ''.
TpTrace Verbose: 0 : 11608, 1, 2024/12/01, 14:13:47.861, 55465830777, vstest.console.dll, TestPluginCache: Executors2 are ''.
TpTrace Verbose: 0 : 11608, 1, 2024/12/01, 14:13:47.861, 55465830904, vstest.console.dll, TestPluginCache: Setting providers are ''.
TpTrace Verbose: 0 : 11608, 1, 2024/12/01, 14:13:47.861, 55465831029, vstest.console.dll, TestPluginCache: Loggers are ''.
TpTrace Verbose: 0 : 11608, 1, 2024/12/01, 14:13:47.861, 55465832228, vstest.console.dll, TestPluginCache: TestHosts are 'HostProvider://DefaultTestHost,HostProvider://DotnetTestHost'.
TpTrace Verbose: 0 : 11608, 1, 2024/12/01, 14:13:47.861, 55465832530, vstest.console.dll, TestPluginCache: DataCollectors are ''.
TpTrace Information: 0 : 11608, 1, 2024/12/01, 14:13:47.870, 55465924713, vstest.console.dll, RunTestsArgumentProcessor:Execute: Test run is starting.
TpTrace Verbose: 0 : 11608, 1, 2024/12/01, 14:13:47.870, 55465926119, vstest.console.dll, RunTestsArgumentProcessor:Execute: Queuing Test run.
TpTrace Information: 0 : 11608, 1, 2024/12/01, 14:13:47.870, 55465928721, vstest.console.dll, TestRequestManager.RunTests: run tests started.
TpTrace Information: 0 : 11608, 1, 2024/12/01, 14:13:47.871, 55465938830, vstest.console.dll, AssemblyMetadataProvider.GetFrameworkName: Determined framework:'.NETCoreApp,Version=v8.0' for source: 'C:\Users\Василий\Desktop\Homeworks_course2\ООП ПР\PR_9\PR_9\TestProject\bin\Debug\net8.0\fine-code-coverage\build-output\TestProject.dll'
TpTrace Information: 0 : 11608, 1, 2024/12/01, 14:13:47.872, 55465940527, vstest.console.dll, Determined framework for all sources: .NETCoreApp,Version=v8.0
TpTrace Verbose: 0 : 11608, 1, 2024/12/01, 14:13:47.872, 55465943698, vstest.console.dll, TestRequestManager.UpdateRunSettingsIfRequired: Default architecture: X64 IsDefaultTargetArchitecture: True, Current process architecture: X64 OperatingSystem: Windows.
TpTrace Information: 0 : 11608, 1, 2024/12/01, 14:13:47.873, 55465955648, vstest.console.dll, AssemblyMetadataProvider.GetArchitecture: Determined architecture:AnyCPU info for assembly: C:\Users\Василий\Desktop\Homeworks_course2\ООП ПР\PR_9\PR_9\TestProject\bin\Debug\net8.0\fine-code-coverage\build-output\TestProject.dll
TpTrace Information: 0 : 11608, 1, 2024/12/01, 14:13:47.873, 55465956342, vstest.console.dll, Determined platform for source 'C:\Users\Василий\Desktop\Homeworks_course2\ООП ПР\PR_9\PR_9\TestProject\bin\Debug\net8.0\fine-code-coverage\build-output\TestProject.dll' was AnyCPU and it will use the default plaform X64.
TpTrace Information: 0 : 11608, 1, 2024/12/01, 14:13:47.873, 55465956498, vstest.console.dll, None of the sources provided any runnable platform, using the default platform: X64
TpTrace Information: 0 : 11608, 1, 2024/12/01, 14:13:47.873, 55465957309, vstest.console.dll, Platform was updated to 'X64'.
TpTrace Information: 0 : 11608, 1, 2024/12/01, 14:13:47.876, 55465982865, vstest.console.dll, InferRunSettingsHelper.IsTestSettingsEnabled: Unable to navigate to RunSettings/MSTest. Current node: RunSettings
TpTrace Information: 0 : 11608, 1, 2024/12/01, 14:13:47.876, 55465989803, vstest.console.dll, AssemblyResolver.OnResolve: Microsoft.VisualStudio.TestPlatform.Fakes: Resolving assembly.
TpTrace Information: 0 : 11608, 1, 2024/12/01, 14:13:47.877, 55465990754, vstest.console.dll, AssemblyResolver.OnResolve: Microsoft.VisualStudio.TestPlatform.Fakes: Searching in: 'C:\Program Files\dotnet\sdk\8.0.403\Extensions'.
TpTrace Information: 0 : 11608, 1, 2024/12/01, 14:13:47.877, 55465991377, vstest.console.dll, AssemblyResolver.OnResolve: Microsoft.VisualStudio.TestPlatform.Fakes: Assembly path does not exist: 'C:\Program Files\dotnet\sdk\8.0.403\Extensions\Microsoft.VisualStudio.TestPlatform.Fakes.dll', returning.
TpTrace Information: 0 : 11608, 1, 2024/12/01, 14:13:47.877, 55465991757, vstest.console.dll, AssemblyResolver.OnResolve: Microsoft.VisualStudio.TestPlatform.Fakes: Assembly path does not exist: 'C:\Program Files\dotnet\sdk\8.0.403\Extensions\Microsoft.VisualStudio.TestPlatform.Fakes.exe', returning.
TpTrace Information: 0 : 11608, 1, 2024/12/01, 14:13:47.877, 55465991966, vstest.console.dll, AssemblyResolver.OnResolve: Microsoft.VisualStudio.TestPlatform.Fakes: Searching in: 'C:\Program Files\dotnet\sdk\8.0.403'.
TpTrace Information: 0 : 11608, 1, 2024/12/01, 14:13:47.877, 55465992356, vstest.console.dll, AssemblyResolver.OnResolve: Microsoft.VisualStudio.TestPlatform.Fakes: Assembly path does not exist: 'C:\Program Files\dotnet\sdk\8.0.403\Microsoft.VisualStudio.TestPlatform.Fakes.dll', returning.
TpTrace Information: 0 : 11608, 1, 2024/12/01, 14:13:47.877, 55465992729, vstest.console.dll, AssemblyResolver.OnResolve: Microsoft.VisualStudio.TestPlatform.Fakes: Assembly path does not exist: 'C:\Program Files\dotnet\sdk\8.0.403\Microsoft.VisualStudio.TestPlatform.Fakes.exe', returning.
TpTrace Information: 0 : 11608, 1, 2024/12/01, 14:13:47.877, 55465992897, vstest.console.dll, AssemblyResolver.OnResolve: Microsoft.VisualStudio.TestPlatform.Fakes: Failed to load assembly.
TpTrace Information: 0 : 11608, 1, 2024/12/01, 14:13:47.877, 55465995240, vstest.console.dll, Failed to load assembly Microsoft.VisualStudio.TestPlatform.Fakes, Version=17.0.0.0, Culture=neutral. Reason:System.IO.FileNotFoundException: Could not load file or assembly 'Microsoft.VisualStudio.TestPlatform.Fakes, Version=17.0.0.0, Culture=neutral, PublicKeyToken=null'. Не удается найти указанный файл.
File name: 'Microsoft.VisualStudio.TestPlatform.Fakes, Version=17.0.0.0, Culture=neutral, PublicKeyToken=null'
   at System.Reflection.RuntimeAssembly.InternalLoad(AssemblyName assemblyName, StackCrawlMark& stackMark, AssemblyLoadContext assemblyLoadContext, RuntimeAssembly requestingAssembly, Boolean throwOnFileNotFound)
   at System.Reflection.Assembly.Load(AssemblyName assemblyRef)
   at Microsoft.VisualStudio.TestPlatform.Common.Utilities.FakesUtilities.LoadTestPlatformAssembly() in /_/src/Microsoft.TestPlatform.Common/Utilities/FakesUtilities.cs:line 272
TpTrace Verbose: 0 : 11608, 1, 2024/12/01, 14:13:47.880, 55466022329, vstest.console.dll, TestPluginCache.DiscoverTestExtensions: finding test extensions in assemblies ends with: TestLogger.dll TPluginInfo: Microsoft.VisualStudio.TestPlatform.Common.ExtensionFramework.Utilities.TestLoggerPluginInformation TExtension: Microsoft.VisualStudio.TestPlatform.ObjectModel.Client.ITestLogger
TpTrace Verbose: 0 : 11608, 1, 2024/12/01, 14:13:47.880, 55466023447, vstest.console.dll, TestPluginCache.GetExtensionPaths: Filtered extension paths: 
TpTrace Verbose: 0 : 11608, 1, 2024/12/01, 14:13:47.880, 55466023641, vstest.console.dll, TestPluginCache.GetExtensionPaths: Added default extension paths: C:\Program Files\dotnet\sdk\8.0.403\Extensions\Microsoft.Diagnostics.NETCore.Client.dll
C:\Program Files\dotnet\sdk\8.0.403\Extensions\Microsoft.TestPlatform.Extensions.BlameDataCollector.dll
C:\Program Files\dotnet\sdk\8.0.403\Extensions\Microsoft.TestPlatform.Extensions.EventLogCollector.dll
C:\Program Files\dotnet\sdk\8.0.403\Extensions\Microsoft.TestPlatform.TestHostRuntimeProvider.dll
C:\Program Files\dotnet\sdk\8.0.403\Extensions\Microsoft.VisualStudio.TestPlatform.Extensions.Html.TestLogger.dll
C:\Program Files\dotnet\sdk\8.0.403\Extensions\Microsoft.VisualStudio.TestPlatform.Extensions.Trx.TestLogger.dll
TpTrace Verbose: 0 : 11608, 1, 2024/12/01, 14:13:47.880, 55466023820, vstest.console.dll, TestPluginCache.GetExtensionPaths: Added unfilterableExtensionPaths: 
TpTrace Information: 0 : 11608, 1, 2024/12/01, 14:13:47.880, 55466025223, vstest.console.dll, AssemblyResolver.AddSearchDirectories: Adding more searchDirectories C:\Program Files\dotnet\sdk\8.0.403\Extensions,C:\Program Files\dotnet\sdk\8.0.403
TpTrace Verbose: 0 : 11608, 1, 2024/12/01, 14:13:47.880, 55466025535, vstest.console.dll, TestPluginCache.DiscoverTestExtensions: Discovering the extensions using extension path.
TpTrace Verbose: 0 : 11608, 1, 2024/12/01, 14:13:47.880, 55466025746, vstest.console.dll, TestPluginCache.GetExtensionPaths: Filtered extension paths: 
TpTrace Verbose: 0 : 11608, 1, 2024/12/01, 14:13:47.880, 55466025982, vstest.console.dll, TestPluginCache.GetExtensionPaths: Added default extension paths: C:\Program Files\dotnet\sdk\8.0.403\Extensions\Microsoft.Diagnostics.NETCore.Client.dll
C:\Program Files\dotnet\sdk\8.0.403\Extensions\Microsoft.TestPlatform.Extensions.BlameDataCollector.dll
C:\Program Files\dotnet\sdk\8.0.403\Extensions\Microsoft.TestPlatform.Extensions.EventLogCollector.dll
C:\Program Files\dotnet\sdk\8.0.403\Extensions\Microsoft.TestPlatform.TestHostRuntimeProvider.dll
C:\Program Files\dotnet\sdk\8.0.403\Extensions\Microsoft.VisualStudio.TestPlatform.Extensions.Html.TestLogger.dll
C:\Program Files\dotnet\sdk\8.0.403\Extensions\Microsoft.VisualStudio.TestPlatform.Extensions.Trx.TestLogger.dll
TpTrace Verbose: 0 : 11608, 1, 2024/12/01, 14:13:47.880, 55466026132, vstest.console.dll, TestPluginCache.GetExtensionPaths: Added unfilterableExtensionPaths: 
TpTrace Verbose: 0 : 11608, 1, 2024/12/01, 14:13:47.880, 55466026321, vstest.console.dll, TestPluginCache.DiscoverTestExtensions: Discovering the extensions using allExtensionPaths: C:\Program Files\dotnet\sdk\8.0.403\Extensions\Microsoft.Diagnostics.NETCore.Client.dll
C:\Program Files\dotnet\sdk\8.0.403\Extensions\Microsoft.TestPlatform.Extensions.BlameDataCollector.dll
C:\Program Files\dotnet\sdk\8.0.403\Extensions\Microsoft.TestPlatform.Extensions.EventLogCollector.dll
C:\Program Files\dotnet\sdk\8.0.403\Extensions\Microsoft.TestPlatform.TestHostRuntimeProvider.dll
C:\Program Files\dotnet\sdk\8.0.403\Extensions\Microsoft.VisualStudio.TestPlatform.Extensions.Html.TestLogger.dll
C:\Program Files\dotnet\sdk\8.0.403\Extensions\Microsoft.VisualStudio.TestPlatform.Extensions.Trx.TestLogger.dll
TpTrace Information: 0 : 11608, 1, 2024/12/01, 14:13:47.880, 55466027142, vstest.console.dll, AssemblyResolver.AddSearchDirectories: Adding more searchDirectories C:\Program Files\dotnet\sdk\8.0.403\Extensions,C:\Program Files\dotnet\sdk\8.0.403
TpTrace Information: 0 : 11608, 1, 2024/12/01, 14:13:47.880, 55466027393, vstest.console.dll, AssemblyResolver.AddSearchDirectories: Adding more searchDirectories C:\Program Files\dotnet\sdk\8.0.403\Extensions,C:\Program Files\dotnet\sdk\8.0.403
TpTrace Information: 0 : 11608, 1, 2024/12/01, 14:13:47.880, 55466027551, vstest.console.dll, AssemblyResolver.AddSearchDirectories: Adding more searchDirectories C:\Program Files\dotnet\sdk\8.0.403\Extensions,C:\Program Files\dotnet\sdk\8.0.403
TpTrace Information: 0 : 11608, 1, 2024/12/01, 14:13:47.880, 55466027702, vstest.console.dll, AssemblyResolver.AddSearchDirectories: Adding more searchDirectories C:\Program Files\dotnet\sdk\8.0.403\Extensions,C:\Program Files\dotnet\sdk\8.0.403
TpTrace Information: 0 : 11608, 1, 2024/12/01, 14:13:47.880, 55466027877, vstest.console.dll, AssemblyResolver.AddSearchDirectories: Adding more searchDirectories C:\Program Files\dotnet\sdk\8.0.403\Extensions,C:\Program Files\dotnet\sdk\8.0.403
TpTrace Information: 0 : 11608, 1, 2024/12/01, 14:13:47.880, 55466028120, vstest.console.dll, AssemblyResolver.AddSearchDirectories: Adding more searchDirectories C:\Program Files\dotnet\sdk\8.0.403\Extensions,C:\Program Files\dotnet\sdk\8.0.403
TpTrace Verbose: 0 : 11608, 1, 2024/12/01, 14:13:47.880, 55466028992, vstest.console.dll, MetadataReaderExtensionsHelper: Discovering extensions inside assembly 'Microsoft.Diagnostics.NETCore.Client, Version=0.2.10.30701, Culture=neutral, PublicKeyToken=31bf3856ad364e35' file path 'C:\Program Files\dotnet\sdk\8.0.403\Extensions\Microsoft.Diagnostics.NETCore.Client.dll'
TpTrace Information: 0 : 11608, 1, 2024/12/01, 14:13:47.881, 55466034735, vstest.console.dll, AssemblyResolver.OnResolve: Microsoft.Bcl.AsyncInterfaces: Resolving assembly.
TpTrace Information: 0 : 11608, 1, 2024/12/01, 14:13:47.881, 55466035439, vstest.console.dll, AssemblyResolver.OnResolve: Microsoft.Bcl.AsyncInterfaces: Resolved from cache.
TpTrace Verbose: 0 : 11608, 1, 2024/12/01, 14:13:47.881, 55466035673, vstest.console.dll, CurrentDomainAssemblyResolve: Resolving assembly 'Microsoft.Bcl.AsyncInterfaces'.
TpTrace Information: 0 : 11608, 1, 2024/12/01, 14:13:47.881, 55466036003, vstest.console.dll, AssemblyResolver.OnResolve: Microsoft.Bcl.AsyncInterfaces: Resolving assembly.
TpTrace Information: 0 : 11608, 1, 2024/12/01, 14:13:47.881, 55466036166, vstest.console.dll, AssemblyResolver.OnResolve: Microsoft.Bcl.AsyncInterfaces: Resolved from cache.
TpTrace Verbose: 0 : 11608, 1, 2024/12/01, 14:13:47.881, 55466036301, vstest.console.dll, CurrentDomainAssemblyResolve: Resolving assembly 'Microsoft.Bcl.AsyncInterfaces'.
TpTrace Verbose: 0 : 11608, 1, 2024/12/01, 14:13:47.881, 55466036434, vstest.console.dll, CurrentDomainAssemblyResolve: Failed to resolve assembly 'Microsoft.Bcl.AsyncInterfaces'.
TpTrace Verbose: 0 : 11608, 1, 2024/12/01, 14:13:47.881, 55466037598, vstest.console.dll, CurrentDomainAssemblyResolve: Failed to resolve assembly 'Microsoft.Bcl.AsyncInterfaces'.
TpTrace Warning: 0 : 11608, 1, 2024/12/01, 14:13:47.882, 55466040683, vstest.console.dll, TestPluginDiscoverer: Failed to get types from assembly 'Microsoft.Diagnostics.NETCore.Client, Version=0.2.10.30701, Culture=neutral, PublicKeyToken=31bf3856ad364e35'. Error: System.Reflection.ReflectionTypeLoadException: Unable to load one or more of the requested types.
Could not load file or assembly 'Microsoft.Bcl.AsyncInterfaces, Version=6.0.0.0, Culture=neutral, PublicKeyToken=cc7b13ffcd2ddd51'. Не удается найти указанный файл.
   at System.Reflection.RuntimeModule.GetTypes(RuntimeModule module)
   at System.Reflection.RuntimeModule.GetTypes()
   at Microsoft.VisualStudio.TestPlatform.Common.ExtensionFramework.TestPluginDiscoverer.GetTestExtensionsFromAssembly[TPluginInfo,TExtension](Assembly assembly, Dictionary`2 pluginInfos, String filePath) in /_/src/Microsoft.TestPlatform.Common/ExtensionFramework/TestPluginDiscoverer.cs:line 158
System.IO.FileNotFoundException: Could not load file or assembly 'Microsoft.Bcl.AsyncInterfaces, Version=6.0.0.0, Culture=neutral, PublicKeyToken=cc7b13ffcd2ddd51'. Не удается найти указанный файл.
File name: 'Microsoft.Bcl.AsyncInterfaces, Version=6.0.0.0, Culture=neutral, PublicKeyToken=cc7b13ffcd2ddd51'
 ---> System.IO.FileNotFoundException: Could not load file or assembly 'Microsoft.Bcl.AsyncInterfaces, Culture=neutral, PublicKeyToken=null'. Не удается найти указанный файл.
File name: 'Microsoft.Bcl.AsyncInterfaces, Culture=neutral, PublicKeyToken=null'
   at System.Reflection.RuntimeAssembly.InternalLoad(AssemblyName assemblyName, StackCrawlMark& stackMark, AssemblyLoadContext assemblyLoadContext, RuntimeAssembly requestingAssembly, Boolean throwOnFileNotFound)
   at System.Reflection.Assembly.Load(AssemblyName assemblyRef)
   at Microsoft.VisualStudio.TestPlatform.Common.ExtensionFramework.TestPluginCache.CurrentDomainAssemblyResolve(Object sender, AssemblyResolveEventArgs args) in /_/src/Microsoft.TestPlatform.Common/ExtensionFramework/TestPluginCache.cs:line 513
   at System.Runtime.Loader.AssemblyLoadContext.GetFirstResolvedAssemblyFromResolvingEvent(AssemblyName assemblyName)
   at System.Runtime.Loader.AssemblyLoadContext.ResolveUsingEvent(AssemblyName assemblyName)
   at System.Runtime.Loader.AssemblyLoadContext.ResolveUsingResolvingEvent(IntPtr gchManagedAssemblyLoadContext, AssemblyName assemblyName)
TpTrace Warning: 0 : 11608, 1, 2024/12/01, 14:13:47.882, 55466043119, vstest.console.dll, LoaderExceptions: System.IO.FileNotFoundException: Could not load file or assembly 'Microsoft.Bcl.AsyncInterfaces, Version=6.0.0.0, Culture=neutral, PublicKeyToken=cc7b13ffcd2ddd51'. Не удается найти указанный файл.
File name: 'Microsoft.Bcl.AsyncInterfaces, Version=6.0.0.0, Culture=neutral, PublicKeyToken=cc7b13ffcd2ddd51'
 ---> System.IO.FileNotFoundException: Could not load file or assembly 'Microsoft.Bcl.AsyncInterfaces, Culture=neutral, PublicKeyToken=null'. Не удается найти указанный файл.
File name: 'Microsoft.Bcl.AsyncInterfaces, Culture=neutral, PublicKeyToken=null'
   at System.Reflection.RuntimeAssembly.InternalLoad(AssemblyName assemblyName, StackCrawlMark& stackMark, AssemblyLoadContext assemblyLoadContext, RuntimeAssembly requestingAssembly, Boolean throwOnFileNotFound)
   at System.Reflection.Assembly.Load(AssemblyName assemblyRef)
   at Microsoft.VisualStudio.TestPlatform.Common.ExtensionFramework.TestPluginCache.CurrentDomainAssemblyResolve(Object sender, AssemblyResolveEventArgs args) in /_/src/Microsoft.TestPlatform.Common/ExtensionFramework/TestPluginCache.cs:line 513
   at System.Runtime.Loader.AssemblyLoadContext.GetFirstResolvedAssemblyFromResolvingEvent(AssemblyName assemblyName)
   at System.Runtime.Loader.AssemblyLoadContext.ResolveUsingEvent(AssemblyName assemblyName)
   at System.Runtime.Loader.AssemblyLoadContext.ResolveUsingResolvingEvent(IntPtr gchManagedAssemblyLoadContext, AssemblyName assemblyName)
TpTrace Verbose: 0 : 11608, 1, 2024/12/01, 14:13:47.882, 55466043973, vstest.console.dll, MetadataReaderExtensionsHelper: Discovering extensions inside assembly 'Microsoft.TestPlatform.Extensions.BlameDataCollector, Version=15.0.0.0, Culture=neutral, PublicKeyToken=b03f5f7f11d50a3a' file path 'C:\Program Files\dotnet\sdk\8.0.403\Extensions\Microsoft.TestPlatform.Extensions.BlameDataCollector.dll'
TpTrace Information: 0 : 11608, 1, 2024/12/01, 14:13:47.882, 55466048789, vstest.console.dll, GetTestExtensionFromType: Register extension with identifier data 'logger://Microsoft/TestPlatform/Extensions/Blame/v1' and type 'Microsoft.TestPlatform.Extensions.BlameDataCollector.BlameLogger, Microsoft.TestPlatform.Extensions.BlameDataCollector, Version=15.0.0.0, Culture=neutral, PublicKeyToken=b03f5f7f11d50a3a' inside file 'C:\Program Files\dotnet\sdk\8.0.403\Extensions\Microsoft.TestPlatform.Extensions.BlameDataCollector.dll'
TpTrace Verbose: 0 : 11608, 1, 2024/12/01, 14:13:47.882, 55466049703, vstest.console.dll, MetadataReaderExtensionsHelper: Discovering extensions inside assembly 'Microsoft.TestPlatform.Extensions.EventLogCollector, Version=15.0.0.0, Culture=neutral, PublicKeyToken=b03f5f7f11d50a3a' file path 'C:\Program Files\dotnet\sdk\8.0.403\Extensions\Microsoft.TestPlatform.Extensions.EventLogCollector.dll'
TpTrace Verbose: 0 : 11608, 1, 2024/12/01, 14:13:47.883, 55466052936, vstest.console.dll, MetadataReaderExtensionsHelper: Discovering extensions inside assembly 'Microsoft.TestPlatform.TestHostRuntimeProvider, Version=15.0.0.0, Culture=neutral, PublicKeyToken=b03f5f7f11d50a3a' file path 'C:\Program Files\dotnet\sdk\8.0.403\Extensions\Microsoft.TestPlatform.TestHostRuntimeProvider.dll'
TpTrace Verbose: 0 : 11608, 1, 2024/12/01, 14:13:47.883, 55466056234, vstest.console.dll, MetadataReaderExtensionsHelper: Discovering extensions inside assembly 'Microsoft.VisualStudio.TestPlatform.Extensions.Html.TestLogger, Version=15.0.0.0, Culture=neutral, PublicKeyToken=b03f5f7f11d50a3a' file path 'C:\Program Files\dotnet\sdk\8.0.403\Extensions\Microsoft.VisualStudio.TestPlatform.Extensions.Html.TestLogger.dll'
TpTrace Information: 0 : 11608, 1, 2024/12/01, 14:13:47.884, 55466061178, vstest.console.dll, GetTestExtensionFromType: Register extension with identifier data 'logger://Microsoft/TestPlatform/HtmlLogger/v1' and type 'Microsoft.VisualStudio.TestPlatform.Extensions.HtmlLogger.HtmlLogger, Microsoft.VisualStudio.TestPlatform.Extensions.Html.TestLogger, Version=15.0.0.0, Culture=neutral, PublicKeyToken=b03f5f7f11d50a3a' inside file 'C:\Program Files\dotnet\sdk\8.0.403\Extensions\Microsoft.VisualStudio.TestPlatform.Extensions.Html.TestLogger.dll'
TpTrace Verbose: 0 : 11608, 1, 2024/12/01, 14:13:47.884, 55466062056, vstest.console.dll, MetadataReaderExtensionsHelper: Discovering extensions inside assembly 'Microsoft.VisualStudio.TestPlatform.Extensions.Trx.TestLogger, Version=15.0.0.0, Culture=neutral, PublicKeyToken=b03f5f7f11d50a3a' file path 'C:\Program Files\dotnet\sdk\8.0.403\Extensions\Microsoft.VisualStudio.TestPlatform.Extensions.Trx.TestLogger.dll'
TpTrace Information: 0 : 11608, 1, 2024/12/01, 14:13:47.884, 55466064934, vstest.console.dll, GetTestExtensionFromType: Register extension with identifier data 'logger://Microsoft/TestPlatform/TrxLogger/v1' and type 'Microsoft.VisualStudio.TestPlatform.Extensions.TrxLogger.TrxLogger, Microsoft.VisualStudio.TestPlatform.Extensions.Trx.TestLogger, Version=15.0.0.0, Culture=neutral, PublicKeyToken=b03f5f7f11d50a3a' inside file 'C:\Program Files\dotnet\sdk\8.0.403\Extensions\Microsoft.VisualStudio.TestPlatform.Extensions.Trx.TestLogger.dll'
TpTrace Verbose: 0 : 11608, 1, 2024/12/01, 14:13:47.884, 55466065514, vstest.console.dll, TestPluginCache: Discovered the extensions using extension path ''.
TpTrace Verbose: 0 : 11608, 1, 2024/12/01, 14:13:47.884, 55466065739, vstest.console.dll, TestPluginCache: Discoverers are ''.
TpTrace Verbose: 0 : 11608, 1, 2024/12/01, 14:13:47.884, 55466065873, vstest.console.dll, TestPluginCache: Executors are ''.
TpTrace Verbose: 0 : 11608, 1, 2024/12/01, 14:13:47.884, 55466066000, vstest.console.dll, TestPluginCache: Executors2 are ''.
TpTrace Verbose: 0 : 11608, 1, 2024/12/01, 14:13:47.884, 55466066137, vstest.console.dll, TestPluginCache: Setting providers are ''.
TpTrace Verbose: 0 : 11608, 1, 2024/12/01, 14:13:47.884, 55466066747, vstest.console.dll, TestPluginCache: Loggers are 'logger://Microsoft/TestPlatform/Extensions/Blame/v1,logger://Microsoft/TestPlatform/HtmlLogger/v1,logger://Microsoft/TestPlatform/TrxLogger/v1'.
TpTrace Verbose: 0 : 11608, 1, 2024/12/01, 14:13:47.884, 55466067034, vstest.console.dll, TestPluginCache: TestHosts are 'HostProvider://DefaultTestHost,HostProvider://DotnetTestHost'.
TpTrace Verbose: 0 : 11608, 1, 2024/12/01, 14:13:47.884, 55466067185, vstest.console.dll, TestPluginCache: DataCollectors are ''.
TpTrace Information: 0 : 11608, 1, 2024/12/01, 14:13:47.885, 55466073774, vstest.console.dll, TestPluginManager.CreateTestExtension: Attempting to load test extension: Microsoft.TestPlatform.Extensions.BlameDataCollector.BlameLogger
TpTrace Verbose: 0 : 11608, 1, 2024/12/01, 14:13:47.890, 55466125227, vstest.console.dll, TestEngine: Initializing Parallel Execution as MaxCpuCount is set to: 1
TpTrace Information: 0 : 11608, 1, 2024/12/01, 14:13:47.891, 55466136475, vstest.console.dll, TestPluginManager.CreateTestExtension: Attempting to load test extension: Microsoft.VisualStudio.TestPlatform.CrossPlatEngine.Hosting.DefaultTestHostManager
TpTrace Information: 0 : 11608, 1, 2024/12/01, 14:13:47.892, 55466142278, vstest.console.dll, TestPluginManager.CreateTestExtension: Attempting to load test extension: Microsoft.VisualStudio.TestPlatform.CrossPlatEngine.Hosting.DotnetTestHostManager
TpTrace Verbose: 0 : 11608, 1, 2024/12/01, 14:13:47.892, 55466143938, vstest.console.dll, TestHostManagerCallbacks.ctor: Forwarding output is enabled.
TpTrace Information: 0 : 11608, 1, 2024/12/01, 14:13:47.892, 55466146952, vstest.console.dll, InferRunSettingsHelper.IsTestSettingsEnabled: Unable to navigate to RunSettings/MSTest. Current node: RunSettings
TpTrace Verbose: 0 : 11608, 1, 2024/12/01, 14:13:47.893, 55466151196, vstest.console.dll, ParallelOperationManager.ClearSlots: Clearing all slots. Slots should accept more work: True
TpTrace Verbose: 0 : 11608, 1, 2024/12/01, 14:13:47.893, 55466155749, vstest.console.dll, ParallelOperationManager.SetOccupiedSlotCount: Setting slot counts AvailableSlotCount = 1, OccupiedSlotCount = 0.
TpTrace Verbose: 0 : 11608, 1, 2024/12/01, 14:13:47.893, 55466157910, vstest.console.dll, Occupied slots:

TpTrace Verbose: 0 : 11608, 1, 2024/12/01, 14:13:47.895, 55466180133, vstest.console.dll, TestEngine.GetExecutionManager: Chosen execution manager 'Microsoft.VisualStudio.TestPlatform.CrossPlatEngine.Client.Parallel.ParallelProxyExecutionManager, Microsoft.TestPlatform.CrossPlatEngine, Version=15.0.0.0, Culture=neutral, PublicKeyToken=b03f5f7f11d50a3a' ParallelLevel '1'.
TpTrace Verbose: 0 : 11608, 1, 2024/12/01, 14:13:47.897, 55466192393, vstest.console.dll, TestPlatform.GetSkipDefaultAdapters: Not skipping default adapters SkipDefaultAdapters was false.
TpTrace Verbose: 0 : 11608, 1, 2024/12/01, 14:13:47.897, 55466193903, vstest.console.dll, TestRunRequest.ExecuteAsync: Creating test run request.
TpTrace Verbose: 0 : 11608, 1, 2024/12/01, 14:13:47.897, 55466195876, vstest.console.dll, TestRunRequest.ExecuteAsync: Starting.
TpTrace Information: 0 : 11608, 1, 2024/12/01, 14:13:47.898, 55466205522, vstest.console.dll, TestRunRequest.ExecuteAsync: Starting run with settings:TestRunCriteria:
   KeepAlive=False,FrequencyOfRunStatsChangeEvent=10,RunStatsChangeEventTimeout=00:00:01.5000000,TestCaseFilter=,TestExecutorLauncher=
   Settingsxml=<RunSettings>
  <RunConfiguration>
    <ResultsDirectory>C:\Users\Василий\Desktop\Homeworks_course2\ООП ПР\PR_9\PR_9\TestProject\bin\Debug\net8.0\fine-code-coverage\coverage-tool-output</ResultsDirectory>
    <TargetPlatform>X64</TargetPlatform>
    <TargetFrameworkVersion>.NETCoreApp,Version=v8.0</TargetFrameworkVersion>
    <DesignMode>False</DesignMode>
    <CollectSourceInformation>False</CollectSourceInformation>
  </RunConfiguration>
  <LoggerRunSettings>
    <Loggers>
      <Logger friendlyName="blame" enabled="True" />
      <Logger friendlyName="Console" uri="logger://microsoft/TestPlatform/ConsoleLogger/v1" assemblyQualifiedName="Microsoft.VisualStudio.TestPlatform.CommandLine.Internal.ConsoleLogger, vstest.console, Version=15.0.0.0, Culture=neutral, PublicKeyToken=b03f5f7f11d50a3a" codeBase="C:\Program Files\dotnet\sdk\8.0.403\vstest.console.dll" enabled="True" />
    </Loggers>
  </LoggerRunSettings>
  <DataCollectionRunSettings>
    <DataCollectors>
      <DataCollector friendlyName="blame" enabled="True">
        <Configuration>
          <ResultsDirectory>C:\Users\Василий\Desktop\Homeworks_course2\ООП ПР\PR_9\PR_9\TestProject\bin\Debug\net8.0\fine-code-coverage\coverage-tool-output</ResultsDirectory>
        </Configuration>
      </DataCollector>
    </DataCollectors>
  </DataCollectionRunSettings>
</RunSettings>

TpTrace Verbose: 0 : 11608, 1, 2024/12/01, 14:13:47.898, 55466206009, vstest.console.dll, TestRunRequest.ExecuteAsync: Wait for the first run request is over.
TpTrace Verbose: 0 : 11608, 1, 2024/12/01, 14:13:47.898, 55466208539, vstest.console.dll, MulticastDelegateUtilities.SafeInvoke: TestRun.TestRunStart: Invoking callbacks was skipped because there are no subscribers.
TpTrace Verbose: 0 : 11608, 4, 2024/12/01, 14:13:47.899, 55466210372, vstest.console.dll, MulticastDelegateUtilities.SafeInvoke: InternalTestLoggerEvents.SendTestRunStart: Invoking callback 1/1 for Microsoft.VisualStudio.TestPlatform.CommandLine.Internal.ConsoleLogger., took 0 ms.
TpTrace Verbose: 0 : 11608, 1, 2024/12/01, 14:13:47.899, 55466215983, vstest.console.dll, ParallelProxyExecutionManager: Start execution. Total sources: 1
TpTrace Verbose: 0 : 11608, 1, 2024/12/01, 14:13:47.899, 55466218734, vstest.console.dll, ParallelOperationManager.StartWork: Starting adding 1 workloads.
TpTrace Verbose: 0 : 11608, 1, 2024/12/01, 14:13:47.899, 55466219171, vstest.console.dll, ParallelOperationManager.ClearSlots: Clearing all slots. Slots should accept more work: True
TpTrace Verbose: 0 : 11608, 1, 2024/12/01, 14:13:47.899, 55466219594, vstest.console.dll, ParallelOperationManager.SetOccupiedSlotCount: Setting slot counts AvailableSlotCount = 1, OccupiedSlotCount = 0.
TpTrace Verbose: 0 : 11608, 1, 2024/12/01, 14:13:47.899, 55466219821, vstest.console.dll, Occupied slots:

TpTrace Verbose: 0 : 11608, 1, 2024/12/01, 14:13:47.900, 55466228120, vstest.console.dll, TestHostManagerCallbacks.ctor: Forwarding output is enabled.
TpTrace Verbose: 0 : 11608, 1, 2024/12/01, 14:13:47.900, 55466229805, vstest.console.dll, TestRequestSender is acting as server.
TpTrace Verbose: 0 : 11608, 1, 2024/12/01, 14:13:47.901, 55466237116, vstest.console.dll, ParallelOperationManager.RunWorkInParallel: Adding 1 workload to slot, remaining workloads 0.
TpTrace Verbose: 0 : 11608, 1, 2024/12/01, 14:13:47.901, 55466237622, vstest.console.dll, ParallelOperationManager.SetOccupiedSlotCount: Setting slot counts AvailableSlotCount = 0, OccupiedSlotCount = 1.
TpTrace Verbose: 0 : 11608, 1, 2024/12/01, 14:13:47.901, 55466238845, vstest.console.dll, Occupied slots:
0: C:\Users\Василий\Desktop\Homeworks_course2\ООП ПР\PR_9\PR_9\TestProject\bin\Debug\net8.0\fine-code-coverage\build-output\TestProject.dll
TpTrace Verbose: 0 : 11608, 1, 2024/12/01, 14:13:47.902, 55466246540, vstest.console.dll, ParallelOperationManager.RunWorkInParallel: Started host in slot number 0 for work (source): C:\Users\Василий\Desktop\Homeworks_course2\ООП ПР\PR_9\PR_9\TestProject\bin\Debug\net8.0\fine-code-coverage\build-output\TestProject.dll.
TpTrace Verbose: 0 : 11608, 1, 2024/12/01, 14:13:47.903, 55466254234, vstest.console.dll, ParallelOperationManager.RunWorkInParallel: We started 1 work items, which is the max parallel level. Won't start more work.
TpTrace Verbose: 0 : 11608, 1, 2024/12/01, 14:13:47.903, 55466254797, vstest.console.dll, ParallelOperationManager.RunWorkInParallel: We started 1 work items in here, returning True.
TpTrace Information: 0 : 11608, 1, 2024/12/01, 14:13:47.903, 55466255005, vstest.console.dll, TestRunRequest.ExecuteAsync: Started.
TpTrace Verbose: 0 : 11608, 5, 2024/12/01, 14:13:47.903, 55466257409, vstest.console.dll, ParallelProxyExecutionManager.StartTestRunOnConcurrentManager: Initializing uninitialized client. Started clients: 0
TpTrace Verbose: 0 : 11608, 5, 2024/12/01, 14:13:47.903, 55466259026, vstest.console.dll, DataCollectionRequestSender.InitializeCommunication : Initialize communication. 
TpTrace Verbose: 0 : 11608, 1, 2024/12/01, 14:13:47.903, 55466260181, vstest.console.dll, TestRunRequest.WaitForCompletion: Waiting with timeout -1.
TpTrace Information: 0 : 11608, 5, 2024/12/01, 14:13:47.908, 55466309910, vstest.console.dll, Listening on Endpoint : 127.0.0.1:53005
TpTrace Verbose: 0 : 11608, 5, 2024/12/01, 14:13:47.913, 55466356190, vstest.console.dll, DotnetDataCollectionLauncher: Adding  --runtimeconfig "C:\Program Files\dotnet\sdk\8.0.403\datacollector.runtimeconfig.json" in args
TpTrace Verbose: 0 : 11608, 5, 2024/12/01, 14:13:47.913, 55466357150, vstest.console.dll, DotnetDataCollectionLauncher: Adding  --depsfile "C:\Program Files\dotnet\sdk\8.0.403\datacollector.deps.json" in args
TpTrace Verbose: 0 : 11608, 5, 2024/12/01, 14:13:47.913, 55466358433, vstest.console.dll, DotnetDataCollectionLauncher: Full path of dotnet.exe is C:\Program Files\dotnet\dotnet.exe
TpTrace Information: 0 : 11608, 5, 2024/12/01, 14:13:47.917, 55466391163, vstest.console.dll, ProxyDataCollectionManager.Initialize: Launched datacollector processId: 14756 port: 53005
TpTrace Information: 0 : 11608, 5, 2024/12/01, 14:13:47.917, 55466392343, vstest.console.dll, ProxyDataCollectionManager.Initialize: waiting for connection with timeout: 90 seconds
TpTrace Verbose: 0 : 11608, 5, 2024/12/01, 14:13:47.917, 55466392626, vstest.console.dll, DataCollectionRequestSender.WaitForRequestHandlerConnection : Waiting for connection with timeout: 90000
TpTrace Information: 0 : 11608, 7, 2024/12/01, 14:13:48.016, 55467381375, vstest.console.dll, Using the buffer size of 16384 bytes
TpTrace Information: 0 : 11608, 7, 2024/12/01, 14:13:48.016, 55467382604, vstest.console.dll, Accepted Client request and set the flag
TpTrace Verbose: 0 : 11608, 5, 2024/12/01, 14:13:48.016, 55467381896, vstest.console.dll, SocketCommunicationManager.WaitForClientConnection took: 98 ms, with 90000 ms timeout, and finished with True.
TpTrace Verbose: 0 : 11608, 5, 2024/12/01, 14:13:48.016, 55467384315, vstest.console.dll, ProxyDataCollectionManager.InvokeDataCollectionServiceAction: Starting.
TpTrace Information: 0 : 11608, 5, 2024/12/01, 14:13:48.016, 55467385203, vstest.console.dll, ProxyDataCollectionManager.BeforeTestRunStart: Get environment variable and port for datacollector processId: 14756 port: 53005
TpTrace Verbose: 0 : 11608, 5, 2024/12/01, 14:13:48.016, 55467386328, vstest.console.dll, DataCollectionRequestSender.SendBeforeTestRunStartAndGetResult: Send BeforeTestRunStart message with settingsXml <RunSettings><RunConfiguration><ResultsDirectory>C:\Users\Василий\Desktop\Homeworks_course2\ООП ПР\PR_9\PR_9\TestProject\bin\Debug\net8.0\fine-code-coverage\coverage-tool-output</ResultsDirectory><TargetPlatform>X64</TargetPlatform><TargetFrameworkVersion>.NETCoreApp,Version=v8.0</TargetFrameworkVersion><DesignMode>False</DesignMode><CollectSourceInformation>False</CollectSourceInformation><TestAdaptersPaths>C:\Program Files\dotnet\sdk\8.0.403\Extensions</TestAdaptersPaths></RunConfiguration><LoggerRunSettings><Loggers><Logger friendlyName="blame" enabled="True" /><Logger friendlyName="Console" uri="logger://microsoft/TestPlatform/ConsoleLogger/v1" assemblyQualifiedName="Microsoft.VisualStudio.TestPlatform.CommandLine.Internal.ConsoleLogger, vstest.console, Version=15.0.0.0, Culture=neutral, PublicKeyToken=b03f5f7f11d50a3a" codeBase="C:\Program Files\dotnet\sdk\8.0.403\vstest.console.dll" enabled="True" /></Loggers></LoggerRunSettings><DataCollectionRunSettings><DataCollectors><DataCollector friendlyName="blame" enabled="True"><Configuration><ResultsDirectory>C:\Users\Василий\Desktop\Homeworks_course2\ООП ПР\PR_9\PR_9\TestProject\bin\Debug\net8.0\fine-code-coverage\coverage-tool-output</ResultsDirectory></Configuration></DataCollector></DataCollectors></DataCollectionRunSettings></RunSettings> and sources System.Collections.Generic.List`1[System.String]: 
TpTrace Verbose: 0 : 11608, 5, 2024/12/01, 14:13:48.051, 55467732927, vstest.console.dll, DataCollectionRequestSender.SendBeforeTestRunStartAndGetResult: Received message: (DataCollection.SendMessage) -> {"MessageType":"DataCollection.SendMessage","Payload":{"FriendlyName":null,"Uri":null,"TestCaseId":"00000000-0000-0000-0000-000000000000","Message":"Logging DataCollector Diagnostics in file: C:\\Users\\Василий\\Desktop\\Homeworks_course2\\ООП ПР\\PR_9\\PR_9\\TestProject\\bin\\Debug\\net8.0\\fine-code-coverage\\coverage-tool-output\\diagnostics.datacollector.24-12-01_14-13-47_91336_5.log","Level":0}}
TpTrace Verbose: 0 : 11608, 5, 2024/12/01, 14:13:48.107, 55468298502, vstest.console.dll, DataCollectionRequestSender.SendBeforeTestRunStartAndGetResult: Received message: (DataCollection.BeforeTestRunStartResult) -> {"MessageType":"DataCollection.BeforeTestRunStartResult","Payload":{"EnvironmentVariables":{},"DataCollectionEventsPort":53007}}
TpTrace Information: 0 : 11608, 5, 2024/12/01, 14:13:48.111, 55468334226, vstest.console.dll, ProxyDataCollectionManager.BeforeTestRunStart: SendBeforeTestRunStartAndGetResult successful, env variable from datacollector:   and testhost port: 53007
TpTrace Information: 0 : 11608, 5, 2024/12/01, 14:13:48.111, 55468335221, vstest.console.dll, ProxyDataCollectionManager.InvokeDataCollectionServiceAction: Completed.
TpTrace Verbose: 0 : 11608, 5, 2024/12/01, 14:13:48.111, 55468335451, vstest.console.dll, ParallelProxyExecutionManager.StartTestRunOnConcurrentManager: Initializing test run. Started clients: 0
TpTrace Verbose: 0 : 11608, 5, 2024/12/01, 14:13:48.111, 55468336135, vstest.console.dll, ProxyExecutionManager: Test host is always Lazy initialize.
TpTrace Verbose: 0 : 11608, 5, 2024/12/01, 14:13:48.111, 55468337662, vstest.console.dll, TestRequestSender.InitializeCommunication: initialize communication. 
TpTrace Information: 0 : 11608, 5, 2024/12/01, 14:13:48.112, 55468341380, vstest.console.dll, SocketServer.Start: Listening on endpoint : 127.0.0.1:53008
TpTrace Verbose: 0 : 11608, 5, 2024/12/01, 14:13:48.112, 55468346609, vstest.console.dll, DotnetTestHostmanager.GetTestHostProcessStartInfo: Platform environment 'X64' target architecture 'X64' framework '.NETCoreApp,Version=v8.0' OS 'Windows'
TpTrace Verbose: 0 : 11608, 5, 2024/12/01, 14:13:48.112, 55468348397, vstest.console.dll, DotnetTestHostmanager: Adding  --runtimeconfig "C:\Users\Василий\Desktop\Homeworks_course2\ООП ПР\PR_9\PR_9\TestProject\bin\Debug\net8.0\fine-code-coverage\build-output\TestProject.runtimeconfig.json" in args
TpTrace Verbose: 0 : 11608, 5, 2024/12/01, 14:13:48.112, 55468348918, vstest.console.dll, DotnetTestHostmanager: Adding  --depsfile "C:\Users\Василий\Desktop\Homeworks_course2\ООП ПР\PR_9\PR_9\TestProject\bin\Debug\net8.0\fine-code-coverage\build-output\TestProject.deps.json" in args
TpTrace Verbose: 0 : 11608, 5, 2024/12/01, 14:13:48.112, 55468350126, vstest.console.dll, DotnetTestHostmanager.IsWinOnArm: Current PROCESSOR_ARCHITECTURE from environment variable 'AMD64'
TpTrace Verbose: 0 : 11608, 5, 2024/12/01, 14:13:48.113, 55468350484, vstest.console.dll, DotnetTestHostmanager.IsWinOnArm: Is Windows on ARM 'False'
TpTrace Verbose: 0 : 11608, 5, 2024/12/01, 14:13:48.113, 55468350988, vstest.console.dll, DotnetTestHostManager: testhost.exe found at path: C:\Users\Василий\Desktop\Homeworks_course2\ООП ПР\PR_9\PR_9\TestProject\bin\Debug\net8.0\fine-code-coverage\build-output\testhost.exe
TpTrace Verbose: 0 : 11608, 5, 2024/12/01, 14:13:48.113, 55468351223, vstest.console.dll, DotnetTestHostmanager: Full path of host exe is C:\Users\Василий\Desktop\Homeworks_course2\ООП ПР\PR_9\PR_9\TestProject\bin\Debug\net8.0\fine-code-coverage\build-output\testhost.exe
TpTrace Verbose: 0 : 11608, 5, 2024/12/01, 14:13:48.113, 55468352035, vstest.console.dll, DotnetTestHostmanager.LaunchTestHostAsync: Found 'VSTEST_WINAPPHOST_DOTNET_ROOT' in env variables, value 'C:\Program Files\dotnet', forwarding to 'DOTNET_ROOT'
TpTrace Verbose: 0 : 11608, 5, 2024/12/01, 14:13:48.113, 55468353052, vstest.console.dll, DotnetTestHostManager: Starting process 'C:\Users\Василий\Desktop\Homeworks_course2\ООП ПР\PR_9\PR_9\TestProject\bin\Debug\net8.0\fine-code-coverage\build-output\testhost.exe' with command line ' --runtimeconfig "C:\Users\Василий\Desktop\Homeworks_course2\ООП ПР\PR_9\PR_9\TestProject\bin\Debug\net8.0\fine-code-coverage\build-output\TestProject.runtimeconfig.json" --depsfile "C:\Users\Василий\Desktop\Homeworks_course2\ООП ПР\PR_9\PR_9\TestProject\bin\Debug\net8.0\fine-code-coverage\build-output\TestProject.deps.json" --port 53008 --endpoint 127.0.0.1:053008 --role client --parentprocessid 11608 --diag "C:\Users\Василий\Desktop\Homeworks_course2\ООП ПР\PR_9\PR_9\TestProject\bin\Debug\net8.0\fine-code-coverage\coverage-tool-output\diagnostics.host.24-12-01_14-13-48_11237_5.log" --tracelevel 4 --datacollectionport 53007 --telemetryoptedin false'
TpTrace Verbose: 0 : 11608, 5, 2024/12/01, 14:13:48.115, 55468379099, vstest.console.dll, MulticastDelegateUtilities.SafeInvoke: HostProviderEvents.OnHostLaunched: Invoking callback 1/2 for Microsoft.VisualStudio.TestPlatform.CrossPlatEngine.Client.ProxyExecutionManagerWithDataCollection., took 0 ms.
TpTrace Verbose: 0 : 11608, 5, 2024/12/01, 14:13:48.116, 55468381430, vstest.console.dll, Test Runtime launched
TpTrace Verbose: 0 : 11608, 5, 2024/12/01, 14:13:48.116, 55468381802, vstest.console.dll, MulticastDelegateUtilities.SafeInvoke: HostProviderEvents.OnHostLaunched: Invoking callback 2/2 for Microsoft.VisualStudio.TestPlatform.CrossPlatEngine.Client.ProxyOperationManager., took 0 ms.
TpTrace Verbose: 0 : 11608, 5, 2024/12/01, 14:13:48.116, 55468382768, vstest.console.dll, TestRequestSender.WaitForRequestHandlerConnection: waiting for connection with timeout: 90000.
TpTrace Verbose: 0 : 11608, 5, 2024/12/01, 14:13:48.227, 55469493796, vstest.console.dll, TestRequestSender.WaitForRequestHandlerConnection: waiting took 111 ms, with timeout 90000 ms, and result 0, which is success.
TpTrace Verbose: 0 : 11608, 14, 2024/12/01, 14:13:48.227, 55469493798, vstest.console.dll, MulticastDelegateUtilities.SafeInvoke: SocketServer: ClientConnected: Invoking callback 1/1 for Microsoft.VisualStudio.TestPlatform.CommunicationUtilities.TestRequestSender., took 0 ms.
TpTrace Verbose: 0 : 11608, 14, 2024/12/01, 14:13:48.227, 55469495591, vstest.console.dll, SocketServer.OnClientConnected: Client connected for endPoint: 127.0.0.1:53008, starting MessageLoopAsync:
TpTrace Verbose: 0 : 11608, 15, 2024/12/01, 14:13:48.228, 55469501537, vstest.console.dll, TcpClientExtensions.MessageLoopAsync: Polling on remoteEndPoint: 127.0.0.1:53009 localEndPoint: 127.0.0.1:53008 after 0 ms
TpTrace Verbose: 0 : 11608, 5, 2024/12/01, 14:13:48.228, 55469501830, vstest.console.dll, TestRequestSender.CheckVersionWithTestHost: Sending check version message: {"MessageType":"ProtocolVersion","Payload":7}
TpTrace Verbose: 0 : 11608, 15, 2024/12/01, 14:13:48.298, 55470208665, vstest.console.dll, TcpClientExtensions.MessageLoopAsync: NotifyDataAvailable remoteEndPoint: 127.0.0.1:53009 localEndPoint: 127.0.0.1:53008
TpTrace Verbose: 0 : 11608, 15, 2024/12/01, 14:13:48.299, 55470212152, vstest.console.dll, TestRequestSender.CheckVersionWithTestHost: onMessageReceived received message: (ProtocolVersion) -> {"MessageType":"ProtocolVersion","Payload":7}
TpTrace Verbose: 0 : 11608, 15, 2024/12/01, 14:13:48.300, 55470221928, vstest.console.dll, MulticastDelegateUtilities.SafeInvoke: LengthPrefixCommunicationChannel: MessageReceived: Invoking callback 1/1 for Microsoft.VisualStudio.TestPlatform.CommunicationUtilities.TestRequestSender+<>c__DisplayClass29_0., took 1 ms.
TpTrace Verbose: 0 : 11608, 15, 2024/12/01, 14:13:48.300, 55470223254, vstest.console.dll, TcpClientExtensions.MessageLoopAsync: Polling on remoteEndPoint: 127.0.0.1:53009 localEndPoint: 127.0.0.1:53008 after 72 ms
TpTrace Verbose: 0 : 11608, 5, 2024/12/01, 14:13:48.300, 55470223933, vstest.console.dll, TestPluginCache.GetExtensionPaths: Filtered extension paths: 
TpTrace Verbose: 0 : 11608, 5, 2024/12/01, 14:13:48.300, 55470225211, vstest.console.dll, TestPluginCache.GetExtensionPaths: Added default extension paths: C:\Program Files\dotnet\sdk\8.0.403\Extensions\Microsoft.Diagnostics.NETCore.Client.dll
C:\Program Files\dotnet\sdk\8.0.403\Extensions\Microsoft.TestPlatform.Extensions.BlameDataCollector.dll
C:\Program Files\dotnet\sdk\8.0.403\Extensions\Microsoft.TestPlatform.Extensions.EventLogCollector.dll
C:\Program Files\dotnet\sdk\8.0.403\Extensions\Microsoft.TestPlatform.TestHostRuntimeProvider.dll
C:\Program Files\dotnet\sdk\8.0.403\Extensions\Microsoft.VisualStudio.TestPlatform.Extensions.Html.TestLogger.dll
C:\Program Files\dotnet\sdk\8.0.403\Extensions\Microsoft.VisualStudio.TestPlatform.Extensions.Trx.TestLogger.dll
TpTrace Verbose: 0 : 11608, 5, 2024/12/01, 14:13:48.300, 55470225709, vstest.console.dll, TestPluginCache.GetExtensionPaths: Added unfilterableExtensionPaths: 
TpTrace Verbose: 0 : 11608, 5, 2024/12/01, 14:13:48.302, 55470246831, vstest.console.dll, TestRequestSender.InitializeExecution: Sending initialize execution with message: {"Version":7,"MessageType":"TestExecution.Initialize","Payload":["C:\\Users\\Василий\\Desktop\\Homeworks_course2\\ООП ПР\\PR_9\\PR_9\\TestProject\\bin\\Debug\\net8.0\\fine-code-coverage\\build-output\\Microsoft.VisualStudio.TestPlatform.MSTest.TestAdapter.dll"]}
TpTrace Verbose: 0 : 11608, 5, 2024/12/01, 14:13:48.302, 55470248952, vstest.console.dll, ParallelProxyExecutionManager.StartTestRunOnConcurrentManager: Execution starting. Started clients: 1
TpTrace Verbose: 0 : 11608, 5, 2024/12/01, 14:13:48.303, 55470251281, vstest.console.dll, TestRunRequest:SendTestRunMessage: Starting.
TpTrace Verbose: 0 : 11608, 5, 2024/12/01, 14:13:48.303, 55470252381, vstest.console.dll, MulticastDelegateUtilities.SafeInvoke: TestRun.LogMessages: Invoking callback 1/1 for Microsoft.VisualStudio.TestPlatform.CommandLine.TestRunResultAggregator., took 0 ms.
TpTrace Information: 0 : 11608, 5, 2024/12/01, 14:13:48.303, 55470252603, vstest.console.dll, TestRunRequest:SendTestRunMessage: Completed.
TpTrace Warning: 0 : 11608, 5, 2024/12/01, 14:13:48.303, 55470255123, vstest.console.dll, InferRunSettingsHelper.MakeRunsettingsCompatible: Removing the following settings: TargetPlatform from RunSettings file. To use those settings please move to latest version of Microsoft.NET.Test.Sdk
TpTrace Verbose: 0 : 11608, 4, 2024/12/01, 14:13:48.303, 55470255558, vstest.console.dll, MulticastDelegateUtilities.SafeInvoke: InternalTestLoggerEvents.SendTestRunMessage: Invoking callback 1/1 for Microsoft.VisualStudio.TestPlatform.CommandLine.Internal.ConsoleLogger., took 0 ms.
TpTrace Verbose: 0 : 11608, 15, 2024/12/01, 14:13:48.303, 55470257457, vstest.console.dll, TcpClientExtensions.MessageLoopAsync: NotifyDataAvailable remoteEndPoint: 127.0.0.1:53009 localEndPoint: 127.0.0.1:53008
TpTrace Verbose: 0 : 11608, 15, 2024/12/01, 14:13:48.304, 55470262125, vstest.console.dll, TestRequestSender.OnExecutionMessageReceived: Received message: {"Version":7,"MessageType":"TestSession.Message","Payload":{"MessageLevel":0,"Message":"Ведение журналов диагностики TestHost в файле: C:\\Users\\Василий\\Desktop\\Homeworks_course2\\ООП ПР\\PR_9\\PR_9\\TestProject\\bin\\Debug\\net8.0\\fine-code-coverage\\coverage-tool-output\\diagnostics.host.24-12-01_14-13-48_11237_5.log"}}
TpTrace Verbose: 0 : 11608, 15, 2024/12/01, 14:13:48.306, 55470284783, vstest.console.dll, TestRunRequest:SendTestRunMessage: Starting.
TpTrace Verbose: 0 : 11608, 15, 2024/12/01, 14:13:48.306, 55470286164, vstest.console.dll, MulticastDelegateUtilities.SafeInvoke: TestRun.LogMessages: Invoking callback 1/1 for Microsoft.VisualStudio.TestPlatform.CommandLine.TestRunResultAggregator., took 0 ms.
TpTrace Information: 0 : 11608, 15, 2024/12/01, 14:13:48.306, 55470286387, vstest.console.dll, TestRunRequest:SendTestRunMessage: Completed.
TpTrace Verbose: 0 : 11608, 15, 2024/12/01, 14:13:48.306, 55470286687, vstest.console.dll, MulticastDelegateUtilities.SafeInvoke: LengthPrefixCommunicationChannel: MessageReceived: Invoking callback 1/1 for Microsoft.VisualStudio.TestPlatform.CommunicationUtilities.TestRequestSender+<>c__DisplayClass34_0., took 2 ms.
TpTrace Verbose: 0 : 11608, 15, 2024/12/01, 14:13:48.306, 55470286900, vstest.console.dll, TcpClientExtensions.MessageLoopAsync: Polling on remoteEndPoint: 127.0.0.1:53009 localEndPoint: 127.0.0.1:53008 after 6 ms
TpTrace Verbose: 0 : 11608, 4, 2024/12/01, 14:13:48.306, 55470286814, vstest.console.dll, MulticastDelegateUtilities.SafeInvoke: InternalTestLoggerEvents.SendTestRunMessage: Invoking callback 1/1 for Microsoft.VisualStudio.TestPlatform.CommandLine.Internal.ConsoleLogger., took 0 ms.
TpTrace Verbose: 0 : 11608, 5, 2024/12/01, 14:13:48.307, 55470297719, vstest.console.dll, TestRequestSender.StartTestRun: Sending test run with message: {"Version":7,"MessageType":"TestExecution.StartWithSources","Payload":{"AdapterSourceMap":{"_none_":["C:\\Users\\Василий\\Desktop\\Homeworks_course2\\ООП ПР\\PR_9\\PR_9\\TestProject\\bin\\Debug\\net8.0\\fine-code-coverage\\build-output\\TestProject.dll"]},"RunSettings":"<RunSettings>\r\n  <RunConfiguration>\r\n    <ResultsDirectory>C:\\Users\\Василий\\Desktop\\Homeworks_course2\\ООП ПР\\PR_9\\PR_9\\TestProject\\bin\\Debug\\net8.0\\fine-code-coverage\\coverage-tool-output</ResultsDirectory>\r\n    <TargetFrameworkVersion>.NETCoreApp,Version=v8.0</TargetFrameworkVersion>\r\n    <DesignMode>False</DesignMode>\r\n    <CollectSourceInformation>False</CollectSourceInformation>\r\n  </RunConfiguration>\r\n  <LoggerRunSettings>\r\n    <Loggers>\r\n      <Logger friendlyName=\"blame\" enabled=\"True\" />\r\n      <Logger friendlyName=\"Console\" uri=\"logger://microsoft/TestPlatform/ConsoleLogger/v1\" assemblyQualifiedName=\"Microsoft.VisualStudio.TestPlatform.CommandLine.Internal.ConsoleLogger, vstest.console, Version=15.0.0.0, Culture=neutral, PublicKeyToken=b03f5f7f11d50a3a\" codeBase=\"C:\\Program Files\\dotnet\\sdk\\8.0.403\\vstest.console.dll\" enabled=\"True\" />\r\n    </Loggers>\r\n  </LoggerRunSettings>\r\n  <DataCollectionRunSettings>\r\n    <DataCollectors>\r\n      <DataCollector friendlyName=\"blame\" enabled=\"True\">\r\n        <Configuration>\r\n          <ResultsDirectory>C:\\Users\\Василий\\Desktop\\Homeworks_course2\\ООП ПР\\PR_9\\PR_9\\TestProject\\bin\\Debug\\net8.0\\fine-code-coverage\\coverage-tool-output</ResultsDirectory>\r\n        </Configuration>\r\n      </DataCollector>\r\n    </DataCollectors>\r\n  </DataCollectionRunSettings>\r\n</RunSettings>","TestExecutionContext":{"FrequencyOfRunStatsChangeEvent":10,"RunStatsChangeEventTimeout":"00:00:01.5000000","InIsolation":false,"KeepAlive":false,"AreTestCaseLevelEventsRequired":false,"IsDebug":false,"TestCaseFilter":null,"FilterOptions":null},"Package":null}}
TpTrace Verbose: 0 : 11608, 5, 2024/12/01, 14:13:48.307, 55470300166, vstest.console.dll, ParallelProxyExecutionManager.StartTestRunOnConcurrentManager: Execution started. Started clients: 1
TpTrace Verbose: 0 : 11608, 15, 2024/12/01, 14:13:48.616, 55473381422, vstest.console.dll, TcpClientExtensions.MessageLoopAsync: NotifyDataAvailable remoteEndPoint: 127.0.0.1:53009 localEndPoint: 127.0.0.1:53008
TpTrace Verbose: 0 : 11608, 15, 2024/12/01, 14:13:48.616, 55473389493, vstest.console.dll, TestRequestSender.OnExecutionMessageReceived: Received message: {"Version":7,"MessageType":"TestExecution.StatsChange","Payload":{"NewTestResults":[{"TestCase":{"Id":"fc84b18a-3a23-4fdd-7910-534a1205c0ba","FullyQualifiedName":"TestsProject.TimeTests.Time_Constructor_PositiveMinutes","DisplayName":"Time_Constructor_PositiveMinutes","ExecutorUri":"executor://MSTestAdapter/v2","Source":"C:\\Users\\Василий\\Desktop\\Homeworks_course2\\ООП ПР\\PR_9\\PR_9\\TestProject\\bin\\Debug\\net8.0\\fine-code-coverage\\build-output\\TestProject.dll","CodeFilePath":null,"LineNumber":-1,"Properties":[{"Key":{"Id":"TestCase.ManagedMethod","Label":"ManagedMethod","Category":"","Description":"","Attributes":1,"ValueType":"System.String"},"Value":"Time_Constructor_PositiveMinutes"},{"Key":{"Id":"MSTestDiscoverer.TestClassName","Label":"ClassName","Category":"","Description":"","Attributes":1,"ValueType":"System.String"},"Value":"TestsProject.TimeTests"},{"Key":{"Id":"TestObject.Traits","Label":"Признаки","Category":"","Description":"","Attributes":5,"ValueType":"System.Collections.Generic.KeyValuePair`2[[System.String],[System.String]][]"},"Value":[]},{"Key":{"Id":"MSTest.TestIdGenerationStrategy","Label":"TestIdGenerationStrategy","Category":"","Description":"","Attributes":1,"ValueType":"System.Int32"},"Value":2},{"Key":{"Id":"TestCase.Hierarchy","Label":"Hierarchy","Category":"","Description":"","Attributes":2,"ValueType":"System.String[]"},"Value":[null,"TestsProject","TimeTests","Time_Constructor_PositiveMinutes"]},{"Key":{"Id":"TestCase.ManagedType","Label":"ManagedType","Category":"","Description":"","Attributes":1,"ValueType":"System.String"},"Value":"TestsProject.TimeTests"}]},"Attachments":[],"Outcome":1,"ErrorMessage":null,"ErrorStackTrace":null,"DisplayName":"Time_Constructor_PositiveMinutes","Messages":[],"ComputerName":"DESKTOP-QF32D50","Duration":"00:00:00.0037239","StartTime":"2024-12-01T14:13:48.5410791+05:00","EndTime":"2024-12-01T14:13:48.5539466+05:00","Properties":[{"Key":{"Id":"InnerResultsCount","Label":"InnerResultsCount","Category":"","Description":"","Attributes":1,"ValueType":"System.Int32"},"Value":0},{"Key":{"Id":"ParentExecId","Label":"ParentExecId","Category":"","Description":"","Attributes":1,"ValueType":"System.Guid"},"Value":"00000000-0000-0000-0000-000000000000"},{"Key":{"Id":"ExecutionId","Label":"ExecutionId","Category":"","Description":"","Attributes":1,"ValueType":"System.Guid"},"Value":"00000000-0000-0000-0000-000000000000"}]},{"TestCase":{"Id":"9dddd32e-cc39-5c4f-6112-d33e5954bfc9","FullyQualifiedName":"TestsProject.TimeTests.Time_Constructor_NegativeMinutes","DisplayName":"Time_Constructor_NegativeMinutes","ExecutorUri":"executor://MSTestAdapter/v2","Source":"C:\\Users\\Василий\\Desktop\\Homeworks_course2\\ООП ПР\\PR_9\\PR_9\\TestProject\\bin\\Debug\\net8.0\\fine-code-coverage\\build-output\\TestProject.dll","CodeFilePath":null,"LineNumber":-1,"Properties":[{"Key":{"Id":"TestCase.ManagedMethod","Label":"ManagedMethod","Category":"","Description":"","Attributes":1,"ValueType":"System.String"},"Value":"Time_Constructor_NegativeMinutes"},{"Key":{"Id":"MSTestDiscoverer.TestClassName","Label":"ClassName","Category":"","Description":"","Attributes":1,"ValueType":"System.String"},"Value":"TestsProject.TimeTests"},{"Key":{"Id":"TestObject.Traits","Label":"Признаки","Category":"","Description":"","Attributes":5,"ValueType":"System.Collections.Generic.KeyValuePair`2[[System.String],[System.String]][]"},"Value":[]},{"Key":{"Id":"MSTest.TestIdGenerationStrategy","Label":"TestIdGenerationStrategy","Category":"","Description":"","Attributes":1,"ValueType":"System.Int32"},"Value":2},{"Key":{"Id":"TestCase.Hierarchy","Label":"Hierarchy","Category":"","Description":"","Attributes":2,"ValueType":"System.String[]"},"Value":[null,"TestsProject","TimeTests","Time_Constructor_NegativeMinutes"]},{"Key":{"Id":"TestCase.ManagedType","Label":"ManagedType","Category":"","Description":"","Attributes":1,"ValueType":"System.String"},"Value":"TestsProject.TimeTests"}]},"Attachments":[],"Outcome":1,"ErrorMessage":null,"ErrorStackTrace":null,"DisplayName":"Time_Constructor_NegativeMinutes","Messages":[],"ComputerName":"DESKTOP-QF32D50","Duration":"00:00:00.0004188","StartTime":"2024-12-01T14:13:48.5719289+05:00","EndTime":"2024-12-01T14:13:48.5727561+05:00","Properties":[{"Key":{"Id":"InnerResultsCount","Label":"InnerResultsCount","Category":"","Description":"","Attributes":1,"ValueType":"System.Int32"},"Value":0},{"Key":{"Id":"ParentExecId","Label":"ParentExecId","Category":"","Description":"","Attributes":1,"ValueType":"System.Guid"},"Value":"00000000-0000-0000-0000-000000000000"},{"Key":{"Id":"ExecutionId","Label":"ExecutionId","Category":"","Description":"","Attributes":1,"ValueType":"System.Guid"},"Value":"00000000-0000-0000-0000-000000000000"}]},{"TestCase":{"Id":"53da388c-9be6-cdb4-5f9c-a4bd19d06c2a","FullyQualifiedName":"TestsProject.TimeTests.Time_Constructor_HoursAndMinutes_Positive","DisplayName":"Time_Constructor_HoursAndMinutes_Positive","ExecutorUri":"executor://MSTestAdapter/v2","Source":"C:\\Users\\Василий\\Desktop\\Homeworks_course2\\ООП ПР\\PR_9\\PR_9\\TestProject\\bin\\Debug\\net8.0\\fine-code-coverage\\build-output\\TestProject.dll","CodeFilePath":null,"LineNumber":-1,"Properties":[{"Key":{"Id":"TestCase.ManagedMethod","Label":"ManagedMethod","Category":"","Description":"","Attributes":1,"ValueType":"System.String"},"Value":"Time_Constructor_HoursAndMinutes_Positive"},{"Key":{"Id":"MSTestDiscoverer.TestClassName","Label":"ClassName","Category":"","Description":"","Attributes":1,"ValueType":"System.String"},"Value":"TestsProject.TimeTests"},{"Key":{"Id":"TestObject.Traits","Label":"Признаки","Category":"","Description":"","Attributes":5,"ValueType":"System.Collections.Generic.KeyValuePair`2[[System.String],[System.String]][]"},"Value":[]},{"Key":{"Id":"MSTest.TestIdGenerationStrategy","Label":"TestIdGenerationStrategy","Category":"","Description":"","Attributes":1,"ValueType":"System.Int32"},"Value":2},{"Key":{"Id":"TestCase.Hierarchy","Label":"Hierarchy","Category":"","Description":"","Attributes":2,"ValueType":"System.String[]"},"Value":[null,"TestsProject","TimeTests","Time_Constructor_HoursAndMinutes_Positive"]},{"Key":{"Id":"TestCase.ManagedType","Label":"ManagedType","Category":"","Description":"","Attributes":1,"ValueType":"System.String"},"Value":"TestsProject.TimeTests"}]},"Attachments":[],"Outcome":1,"ErrorMessage":null,"ErrorStackTrace":null,"DisplayName":"Time_Constructor_HoursAndMinutes_Positive","Messages":[],"ComputerName":"DESKTOP-QF32D50","Duration":"00:00:00.0001608","StartTime":"2024-12-01T14:13:48.5762368+05:00","EndTime":"2024-12-01T14:13:48.5765882+05:00","Properties":[{"Key":{"Id":"InnerResultsCount","Label":"InnerResultsCount","Category":"","Description":"","Attributes":1,"ValueType":"System.Int32"},"Value":0},{"Key":{"Id":"ParentExecId","Label":"ParentExecId","Category":"","Description":"","Attributes":1,"ValueType":"System.Guid"},"Value":"00000000-0000-0000-0000-000000000000"},{"Key":{"Id":"ExecutionId","Label":"ExecutionId","Category":"","Description":"","Attributes":1,"ValueType":"System.Guid"},"Value":"00000000-0000-0000-0000-000000000000"}]},{"TestCase":{"Id":"da518421-ab20-9fac-85c3-94c64d3d097a","FullyQualifiedName":"TestsProject.TimeTests.Time_GetAllMinutes_Positive","DisplayName":"Time_GetAllMinutes_Positive","ExecutorUri":"executor://MSTestAdapter/v2","Source":"C:\\Users\\Василий\\Desktop\\Homeworks_course2\\ООП ПР\\PR_9\\PR_9\\TestProject\\bin\\Debug\\net8.0\\fine-code-coverage\\build-output\\TestProject.dll","CodeFilePath":null,"LineNumber":-1,"Properties":[{"Key":{"Id":"TestCase.ManagedMethod","Label":"ManagedMethod","Category":"","Description":"","Attributes":1,"ValueType":"System.String"},"Value":"Time_GetAllMinutes_Positive"},{"Key":{"Id":"MSTestDiscoverer.TestClassName","Label":"ClassName","Category":"","Description":"","Attributes":1,"ValueType":"System.String"},"Value":"TestsProject.TimeTests"},{"Key":{"Id":"TestObject.Traits","Label":"Признаки","Category":"","Description":"","Attributes":5,"ValueType":"System.Collections.Generic.KeyValuePair`2[[System.String],[System.String]][]"},"Value":[]},{"Key":{"Id":"MSTest.TestIdGenerationStrategy","Label":"TestIdGenerationStrategy","Category":"","Description":"","Attributes":1,"ValueType":"System.Int32"},"Value":2},{"Key":{"Id":"TestCase.Hierarchy","Label":"Hierarchy","Category":"","Description":"","Attributes":2,"ValueType":"System.String[]"},"Value":[null,"TestsProject","TimeTests","Time_GetAllMinutes_Positive"]},{"Key":{"Id":"TestCase.ManagedType","Label":"ManagedType","Category":"","Description":"","Attributes":1,"ValueType":"System.String"},"Value":"TestsProject.TimeTests"}]},"Attachments":[],"Outcome":1,"ErrorMessage":null,"ErrorStackTrace":null,"DisplayName":"Time_GetAllMinutes_Positive","Messages":[],"ComputerName":"DESKTOP-QF32D50","Duration":"00:00:00.0001946","StartTime":"2024-12-01T14:13:48.5788449+05:00","EndTime":"2024-12-01T14:13:48.5792269+05:00","Properties":[{"Key":{"Id":"InnerResultsCount","Label":"InnerResultsCount","Category":"","Description":"","Attributes":1,"ValueType":"System.Int32"},"Value":0},{"Key":{"Id":"ParentExecId","Label":"ParentExecId","Category":"","Description":"","Attributes":1,"ValueType":"System.Guid"},"Value":"00000000-0000-0000-0000-000000000000"},{"Key":{"Id":"ExecutionId","Label":"ExecutionId","Category":"","Description":"","Attributes":1,"ValueType":"System.Guid"},"Value":"00000000-0000-0000-0000-000000000000"}]},{"TestCase":{"Id":"044ad383-7297-3afe-5969-69e38311201f","FullyQualifiedName":"TestsProject.TimeTests.Time_IncrementOperator","DisplayName":"Time_IncrementOperator","ExecutorUri":"executor://MSTestAdapter/v2","Source":"C:\\Users\\Василий\\Desktop\\Homeworks_course2\\ООП ПР\\PR_9\\PR_9\\TestProject\\bin\\Debug\\net8.0\\fine-code-coverage\\build-output\\TestProject.dll","CodeFilePath":null,"LineNumber":-1,"Properties":[{"Key":{"Id":"TestCase.ManagedMethod","Label":"ManagedMethod","Category":"","Description":"","Attributes":1,"ValueType":"System.String"},"Value":"Time_IncrementOperator"},{"Key":{"Id":"MSTestDiscoverer.TestClassName","Label":"ClassName","Category":"","Description":"","Attributes":1,"ValueType":"System.String"},"Value":"TestsProject.TimeTests"},{"Key":{"Id":"TestObject.Traits","Label":"Признаки","Category":"","Description":"","Attributes":5,"ValueType":"System.Collections.Generic.KeyValuePair`2[[System.String],[System.String]][]"},"Value":[]},{"Key":{"Id":"MSTest.TestIdGenerationStrategy","Label":"TestIdGenerationStrategy","Category":"","Description":"","Attributes":1,"ValueType":"System.Int32"},"Value":2},{"Key":{"Id":"TestCase.Hierarchy","Label":"Hierarchy","Category":"","Description":"","Attributes":2,"ValueType":"System.String[]"},"Value":[null,"TestsProject","TimeTests","Time_IncrementOperator"]},{"Key":{"Id":"TestCase.ManagedType","Label":"ManagedType","Category":"","Description":"","Attributes":1,"ValueType":"System.String"},"Value":"TestsProject.TimeTests"}]},"Attachments":[],"Outcome":1,"ErrorMessage":null,"ErrorStackTrace":null,"DisplayName":"Time_IncrementOperator","Messages":[],"ComputerName":"DESKTOP-QF32D50","Duration":"00:00:00.0002893","StartTime":"2024-12-01T14:13:48.5817174+05:00","EndTime":"2024-12-01T14:13:48.5821959+05:00","Properties":[{"Key":{"Id":"InnerResultsCount","Label":"InnerResultsCount","Category":"","Description":"","Attributes":1,"ValueType":"System.Int32"},"Value":0},{"Key":{"Id":"ParentExecId","Label":"ParentExecId","Category":"","Description":"","Attributes":1,"ValueType":"System.Guid"},"Value":"00000000-0000-0000-0000-000000000000"},{"Key":{"Id":"ExecutionId","Label":"ExecutionId","Category":"","Description":"","Attributes":1,"ValueType":"System.Guid"},"Value":"00000000-0000-0000-0000-000000000000"}]},{"TestCase":{"Id":"2617e76e-16b4-7e1d-5d68-cf717ff8d279","FullyQualifiedName":"TestsProject.TimeTests.Time_DecrementOperator_Positive","DisplayName":"Time_DecrementOperator_Positive","ExecutorUri":"executor://MSTestAdapter/v2","Source":"C:\\Users\\Василий\\Desktop\\Homeworks_course2\\ООП ПР\\PR_9\\PR_9\\TestProject\\bin\\Debug\\net8.0\\fine-code-coverage\\build-output\\TestProject.dll","CodeFilePath":null,"LineNumber":-1,"Properties":[{"Key":{"Id":"TestCase.ManagedMethod","Label":"ManagedMethod","Category":"","Description":"","Attributes":1,"ValueType":"System.String"},"Value":"Time_DecrementOperator_Positive"},{"Key":{"Id":"MSTestDiscoverer.TestClassName","Label":"ClassName","Category":"","Description":"","Attributes":1,"ValueType":"System.String"},"Value":"TestsProject.TimeTests"},{"Key":{"Id":"TestObject.Traits","Label":"Признаки","Category":"","Description":"","Attributes":5,"ValueType":"System.Collections.Generic.KeyValuePair`2[[System.String],[System.String]][]"},"Value":[]},{"Key":{"Id":"MSTest.TestIdGenerationStrategy","Label":"TestIdGenerationStrategy","Category":"","Description":"","Attributes":1,"ValueType":"System.Int32"},"Value":2},{"Key":{"Id":"TestCase.Hierarchy","Label":"Hierarchy","Category":"","Description":"","Attributes":2,"ValueType":"System.String[]"},"Value":[null,"TestsProject","TimeTests","Time_DecrementOperator_Positive"]},{"Key":{"Id":"TestCase.ManagedType","Label":"ManagedType","Category":"","Description":"","Attributes":1,"ValueType":"System.String"},"Value":"TestsProject.TimeTests"}]},"Attachments":[],"Outcome":1,"ErrorMessage":null,"ErrorStackTrace":null,"DisplayName":"Time_DecrementOperator_Positive","Messages":[],"ComputerName":"DESKTOP-QF32D50","Duration":"00:00:00.0002128","StartTime":"2024-12-01T14:13:48.5847233+05:00","EndTime":"2024-12-01T14:13:48.5851229+05:00","Properties":[{"Key":{"Id":"InnerResultsCount","Label":"InnerResultsCount","Category":"","Description":"","Attributes":1,"ValueType":"System.Int32"},"Value":0},{"Key":{"Id":"ParentExecId","Label":"ParentExecId","Category":"","Description":"","Attributes":1,"ValueType":"System.Guid"},"Value":"00000000-0000-0000-0000-000000000000"},{"Key":{"Id":"ExecutionId","Label":"ExecutionId","Category":"","Description":"","Attributes":1,"ValueType":"System.Guid"},"Value":"00000000-0000-0000-0000-000000000000"}]},{"TestCase":{"Id":"a190e047-1f27-3c71-3726-e6b08695bbcd","FullyQualifiedName":"TestsProject.TimeTests.Time_SubtractionOperator","DisplayName":"Time_SubtractionOperator","ExecutorUri":"executor://MSTestAdapter/v2","Source":"C:\\Users\\Василий\\Desktop\\Homeworks_course2\\ООП ПР\\PR_9\\PR_9\\TestProject\\bin\\Debug\\net8.0\\fine-code-coverage\\build-output\\TestProject.dll","CodeFilePath":null,"LineNumber":-1,"Properties":[{"Key":{"Id":"TestCase.ManagedMethod","Label":"ManagedMethod","Category":"","Description":"","Attributes":1,"ValueType":"System.String"},"Value":"Time_SubtractionOperator"},{"Key":{"Id":"MSTestDiscoverer.TestClassName","Label":"ClassName","Category":"","Description":"","Attributes":1,"ValueType":"System.String"},"Value":"TestsProject.TimeTests"},{"Key":{"Id":"TestObject.Traits","Label":"Признаки","Category":"","Description":"","Attributes":5,"ValueType":"System.Collections.Generic.KeyValuePair`2[[System.String],[System.String]][]"},"Value":[]},{"Key":{"Id":"MSTest.TestIdGenerationStrategy","Label":"TestIdGenerationStrategy","Category":"","Description":"","Attributes":1,"ValueType":"System.Int32"},"Value":2},{"Key":{"Id":"TestCase.Hierarchy","Label":"Hierarchy","Category":"","Description":"","Attributes":2,"ValueType":"System.String[]"},"Value":[null,"TestsProject","TimeTests","Time_SubtractionOperator"]},{"Key":{"Id":"TestCase.ManagedType","Label":"ManagedType","Category":"","Description":"","Attributes":1,"ValueType":"System.String"},"Value":"TestsProject.TimeTests"}]},"Attachments":[],"Outcome":1,"ErrorMessage":null,"ErrorStackTrace":null,"DisplayName":"Time_SubtractionOperator","Messages":[],"ComputerName":"DESKTOP-QF32D50","Duration":"00:00:00.0002534","StartTime":"2024-12-01T14:13:48.5877934+05:00","EndTime":"2024-12-01T14:13:48.5882308+05:00","Properties":[{"Key":{"Id":"InnerResultsCount","Label":"InnerResultsCount","Category":"","Description":"","Attributes":1,"ValueType":"System.Int32"},"Value":0},{"Key":{"Id":"ParentExecId","Label":"ParentExecId","Category":"","Description":"","Attributes":1,"ValueType":"System.Guid"},"Value":"00000000-0000-0000-0000-000000000000"},{"Key":{"Id":"ExecutionId","Label":"ExecutionId","Category":"","Description":"","Attributes":1,"ValueType":"System.Guid"},"Value":"00000000-0000-0000-0000-000000000000"}]},{"TestCase":{"Id":"b451d1be-5434-0bab-002a-882568f239e8","FullyQualifiedName":"TestsProject.TimeTests.Time_GreaterThanOperator","DisplayName":"Time_GreaterThanOperator","ExecutorUri":"executor://MSTestAdapter/v2","Source":"C:\\Users\\Василий\\Desktop\\Homeworks_course2\\ООП ПР\\PR_9\\PR_9\\TestProject\\bin\\Debug\\net8.0\\fine-code-coverage\\build-output\\TestProject.dll","CodeFilePath":null,"LineNumber":-1,"Properties":[{"Key":{"Id":"TestCase.ManagedMethod","Label":"ManagedMethod","Category":"","Description":"","Attributes":1,"ValueType":"System.String"},"Value":"Time_GreaterThanOperator"},{"Key":{"Id":"MSTestDiscoverer.TestClassName","Label":"ClassName","Category":"","Description":"","Attributes":1,"ValueType":"System.String"},"Value":"TestsProject.TimeTests"},{"Key":{"Id":"TestObject.Traits","Label":"Признаки","Category":"","Description":"","Attributes":5,"ValueType":"System.Collections.Generic.KeyValuePair`2[[System.String],[System.String]][]"},"Value":[]},{"Key":{"Id":"MSTest.TestIdGenerationStrategy","Label":"TestIdGenerationStrategy","Category":"","Description":"","Attributes":1,"ValueType":"System.Int32"},"Value":2},{"Key":{"Id":"TestCase.Hierarchy","Label":"Hierarchy","Category":"","Description":"","Attributes":2,"ValueType":"System.String[]"},"Value":[null,"TestsProject","TimeTests","Time_GreaterThanOperator"]},{"Key":{"Id":"TestCase.ManagedType","Label":"ManagedType","Category":"","Description":"","Attributes":1,"ValueType":"System.String"},"Value":"TestsProject.TimeTests"}]},"Attachments":[],"Outcome":1,"ErrorMessage":null,"ErrorStackTrace":null,"DisplayName":"Time_GreaterThanOperator","Messages":[],"ComputerName":"DESKTOP-QF32D50","Duration":"00:00:00.0002417","StartTime":"2024-12-01T14:13:48.591292+05:00","EndTime":"2024-12-01T14:13:48.5917212+05:00","Properties":[{"Key":{"Id":"InnerResultsCount","Label":"InnerResultsCount","Category":"","Description":"","Attributes":1,"ValueType":"System.Int32"},"Value":0},{"Key":{"Id":"ParentExecId","Label":"ParentExecId","Category":"","Description":"","Attributes":1,"ValueType":"System.Guid"},"Value":"00000000-0000-0000-0000-000000000000"},{"Key":{"Id":"ExecutionId","Label":"ExecutionId","Category":"","Description":"","Attributes":1,"ValueType":"System.Guid"},"Value":"00000000-0000-0000-0000-000000000000"}]},{"TestCase":{"Id":"c385a2ee-3f89-937d-d566-90edf4f7a13a","FullyQualifiedName":"TestsProject.TimeTests.Time_LessThanOperator","DisplayName":"Time_LessThanOperator","ExecutorUri":"executor://MSTestAdapter/v2","Source":"C:\\Users\\Василий\\Desktop\\Homeworks_course2\\ООП ПР\\PR_9\\PR_9\\TestProject\\bin\\Debug\\net8.0\\fine-code-coverage\\build-output\\TestProject.dll","CodeFilePath":null,"LineNumber":-1,"Properties":[{"Key":{"Id":"TestCase.ManagedMethod","Label":"ManagedMethod","Category":"","Description":"","Attributes":1,"ValueType":"System.String"},"Value":"Time_LessThanOperator"},{"Key":{"Id":"MSTestDiscoverer.TestClassName","Label":"ClassName","Category":"","Description":"","Attributes":1,"ValueType":"System.String"},"Value":"TestsProject.TimeTests"},{"Key":{"Id":"TestObject.Traits","Label":"Признаки","Category":"","Description":"","Attributes":5,"ValueType":"System.Collections.Generic.KeyValuePair`2[[System.String],[System.String]][]"},"Value":[]},{"Key":{"Id":"MSTest.TestIdGenerationStrategy","Label":"TestIdGenerationStrategy","Category":"","Description":"","Attributes":1,"ValueType":"System.Int32"},"Value":2},{"Key":{"Id":"TestCase.Hierarchy","Label":"Hierarchy","Category":"","Description":"","Attributes":2,"ValueType":"System.String[]"},"Value":[null,"TestsProject","TimeTests","Time_LessThanOperator"]},{"Key":{"Id":"TestCase.ManagedType","Label":"ManagedType","Category":"","Description":"","Attributes":1,"ValueType":"System.String"},"Value":"TestsProject.TimeTests"}]},"Attachments":[],"Outcome":1,"ErrorMessage":null,"ErrorStackTrace":null,"DisplayName":"Time_LessThanOperator","Messages":[],"ComputerName":"DESKTOP-QF32D50","Duration":"00:00:00.0001993","StartTime":"2024-12-01T14:13:48.5947083+05:00","EndTime":"2024-12-01T14:13:48.595208+05:00","Properties":[{"Key":{"Id":"InnerResultsCount","Label":"InnerResultsCount","Category":"","Description":"","Attributes":1,"ValueType":"System.Int32"},"Value":0},{"Key":{"Id":"ParentExecId","Label":"ParentExecId","Category":"","Description":"","Attributes":1,"ValueType":"System.Guid"},"Value":"00000000-0000-0000-0000-000000000000"},{"Key":{"Id":"ExecutionId","Label":"ExecutionId","Category":"","Description":"","Attributes":1,"ValueType":"System.Guid"},"Value":"00000000-0000-0000-0000-000000000000"}]}],"TestRunStatistics":{"ExecutedTests":9,"Stats":{"Passed":9}},"ActiveTests":[{"Id":"fdd4cd85-c596-50bf-1982-3613ba1c87ad","FullyQualifiedName":"TestsProject.TimeArrayTests.TimeArray_Constructor_WithArray","DisplayName":"TimeArray_Constructor_WithArray","ExecutorUri":"executor://MSTestAdapter/v2","Source":"C:\\Users\\Василий\\Desktop\\Homeworks_course2\\ООП ПР\\PR_9\\PR_9\\TestProject\\bin\\Debug\\net8.0\\fine-code-coverage\\build-output\\TestProject.dll","CodeFilePath":null,"LineNumber":-1,"Properties":[{"Key":{"Id":"TestCase.ManagedMethod","Label":"ManagedMethod","Category":"","Description":"","Attributes":1,"ValueType":"System.String"},"Value":"TimeArray_Constructor_WithArray"},{"Key":{"Id":"MSTestDiscoverer.TestClassName","Label":"ClassName","Category":"","Description":"","Attributes":1,"ValueType":"System.String"},"Value":"TestsProject.TimeArrayTests"},{"Key":{"Id":"TestObject.Traits","Label":"Признаки","Category":"","Description":"","Attributes":5,"ValueType":"System.Collections.Generic.KeyValuePair`2[[System.String],[System.String]][]"},"Value":[]},{"Key":{"Id":"MSTest.TestIdGenerationStrategy","Label":"TestIdGenerationStrategy","Category":"","Description":"","Attributes":1,"ValueType":"System.Int32"},"Value":2},{"Key":{"Id":"TestCase.Hierarchy","Label":"Hierarchy","Category":"","Description":"","Attributes":2,"ValueType":"System.String[]"},"Value":[null,"TestsProject","TimeArrayTests","TimeArray_Constructor_WithArray"]},{"Key":{"Id":"TestCase.ManagedType","Label":"ManagedType","Category":"","Description":"","Attributes":1,"ValueType":"System.String"},"Value":"TestsProject.TimeArrayTests"}]}]}}
TpTrace Verbose: 0 : 11608, 15, 2024/12/01, 14:13:48.650, 55473725756, vstest.console.dll, TestRunRequest:SendTestRunStatsChange: Starting.
TpTrace Verbose: 0 : 11608, 15, 2024/12/01, 14:13:48.650, 55473727241, vstest.console.dll, InProgress is TimeArray_Constructor_WithArray
TpTrace Verbose: 0 : 11608, 15, 2024/12/01, 14:13:48.650, 55473728800, vstest.console.dll, MulticastDelegateUtilities.SafeInvoke: TestRun.RunStatsChanged: Invoking callbacks was skipped because there are no subscribers.
TpTrace Information: 0 : 11608, 15, 2024/12/01, 14:13:48.650, 55473729139, vstest.console.dll, TestRunRequest:SendTestRunStatsChange: Completed.
TpTrace Verbose: 0 : 11608, 15, 2024/12/01, 14:13:48.650, 55473729340, vstest.console.dll, MulticastDelegateUtilities.SafeInvoke: LengthPrefixCommunicationChannel: MessageReceived: Invoking callback 1/1 for Microsoft.VisualStudio.TestPlatform.CommunicationUtilities.TestRequestSender+<>c__DisplayClass34_0., took 34 ms.
TpTrace Verbose: 0 : 11608, 15, 2024/12/01, 14:13:48.650, 55473729568, vstest.console.dll, TcpClientExtensions.MessageLoopAsync: Polling on remoteEndPoint: 127.0.0.1:53009 localEndPoint: 127.0.0.1:53008 after 344 ms
TpTrace Verbose: 0 : 11608, 4, 2024/12/01, 14:13:48.652, 55473749873, vstest.console.dll, MulticastDelegateUtilities.SafeInvoke: InternalTestLoggerEvents.SendTestResult: Invoking callback 1/1 for Microsoft.VisualStudio.TestPlatform.CommandLine.Internal.ConsoleLogger., took 2 ms.
TpTrace Verbose: 0 : 11608, 15, 2024/12/01, 14:13:48.653, 55473751460, vstest.console.dll, TcpClientExtensions.MessageLoopAsync: NotifyDataAvailable remoteEndPoint: 127.0.0.1:53009 localEndPoint: 127.0.0.1:53008
TpTrace Verbose: 0 : 11608, 4, 2024/12/01, 14:13:48.653, 55473753485, vstest.console.dll, MulticastDelegateUtilities.SafeInvoke: InternalTestLoggerEvents.SendTestResult: Invoking callback 1/1 for Microsoft.VisualStudio.TestPlatform.CommandLine.Internal.ConsoleLogger., took 0 ms.
TpTrace Verbose: 0 : 11608, 15, 2024/12/01, 14:13:48.653, 55473753726, vstest.console.dll, TestRequestSender.OnExecutionMessageReceived: Received message: {"Version":7,"MessageType":"TestExecution.Completed","Payload":{"TestRunCompleteArgs":{"TestRunStatistics":{"ExecutedTests":15,"Stats":{"Passed":15}},"IsCanceled":false,"IsAborted":false,"Error":null,"AttachmentSets":[],"InvokedDataCollectors":[],"ElapsedTimeInRunningTests":"00:00:00.2158267","Metrics":{},"DiscoveredExtensions":{"TestDiscoverers":["Microsoft.VisualStudio.TestPlatform.MSTest.TestAdapter.MSTestDiscoverer, Microsoft.VisualStudio.TestPlatform.MSTest.TestAdapter, Version=14.0.0.0, Culture=neutral, PublicKeyToken=b03f5f7f11d50a3a"],"TestExecutors":["executor://MSTestAdapter/v2"],"TestExecutors2":[],"TestSettingsProviders":[]}},"LastRunTests":{"NewTestResults":[{"TestCase":{"Id":"fdd4cd85-c596-50bf-1982-3613ba1c87ad","FullyQualifiedName":"TestsProject.TimeArrayTests.TimeArray_Constructor_WithArray","DisplayName":"TimeArray_Constructor_WithArray","ExecutorUri":"executor://MSTestAdapter/v2","Source":"C:\\Users\\Василий\\Desktop\\Homeworks_course2\\ООП ПР\\PR_9\\PR_9\\TestProject\\bin\\Debug\\net8.0\\fine-code-coverage\\build-output\\TestProject.dll","CodeFilePath":null,"LineNumber":-1,"Properties":[{"Key":{"Id":"TestCase.ManagedMethod","Label":"ManagedMethod","Category":"","Description":"","Attributes":1,"ValueType":"System.String"},"Value":"TimeArray_Constructor_WithArray"},{"Key":{"Id":"MSTestDiscoverer.TestClassName","Label":"ClassName","Category":"","Description":"","Attributes":1,"ValueType":"System.String"},"Value":"TestsProject.TimeArrayTests"},{"Key":{"Id":"TestObject.Traits","Label":"Признаки","Category":"","Description":"","Attributes":5,"ValueType":"System.Collections.Generic.KeyValuePair`2[[System.String],[System.String]][]"},"Value":[]},{"Key":{"Id":"MSTest.TestIdGenerationStrategy","Label":"TestIdGenerationStrategy","Category":"","Description":"","Attributes":1,"ValueType":"System.Int32"},"Value":2},{"Key":{"Id":"TestCase.Hierarchy","Label":"Hierarchy","Category":"","Description":"","Attributes":2,"ValueType":"System.String[]"},"Value":[null,"TestsProject","TimeArrayTests","TimeArray_Constructor_WithArray"]},{"Key":{"Id":"TestCase.ManagedType","Label":"ManagedType","Category":"","Description":"","Attributes":1,"ValueType":"System.String"},"Value":"TestsProject.TimeArrayTests"}]},"Attachments":[],"Outcome":1,"ErrorMessage":null,"ErrorStackTrace":null,"DisplayName":"TimeArray_Constructor_WithArray","Messages":[],"ComputerName":"DESKTOP-QF32D50","Duration":"00:00:00.0010235","StartTime":"2024-12-01T14:13:48.6181494+05:00","EndTime":"2024-12-01T14:13:48.6197613+05:00","Properties":[{"Key":{"Id":"InnerResultsCount","Label":"InnerResultsCount","Category":"","Description":"","Attributes":1,"ValueType":"System.Int32"},"Value":0},{"Key":{"Id":"ParentExecId","Label":"ParentExecId","Category":"","Description":"","Attributes":1,"ValueType":"System.Guid"},"Value":"00000000-0000-0000-0000-000000000000"},{"Key":{"Id":"ExecutionId","Label":"ExecutionId","Category":"","Description":"","Attributes":1,"ValueType":"System.Guid"},"Value":"00000000-0000-0000-0000-000000000000"}]},{"TestCase":{"Id":"b2a36301-24e3-e61d-c5e0-c9d916d8ea6b","FullyQualifiedName":"TestsProject.TimeArrayTests.TimeArray_Indexer_Get","DisplayName":"TimeArray_Indexer_Get","ExecutorUri":"executor://MSTestAdapter/v2","Source":"C:\\Users\\Василий\\Desktop\\Homeworks_course2\\ООП ПР\\PR_9\\PR_9\\TestProject\\bin\\Debug\\net8.0\\fine-code-coverage\\build-output\\TestProject.dll","CodeFilePath":null,"LineNumber":-1,"Properties":[{"Key":{"Id":"TestCase.ManagedMethod","Label":"ManagedMethod","Category":"","Description":"","Attributes":1,"ValueType":"System.String"},"Value":"TimeArray_Indexer_Get"},{"Key":{"Id":"MSTestDiscoverer.TestClassName","Label":"ClassName","Category":"","Description":"","Attributes":1,"ValueType":"System.String"},"Value":"TestsProject.TimeArrayTests"},{"Key":{"Id":"TestObject.Traits","Label":"Признаки","Category":"","Description":"","Attributes":5,"ValueType":"System.Collections.Generic.KeyValuePair`2[[System.String],[System.String]][]"},"Value":[]},{"Key":{"Id":"MSTest.TestIdGenerationStrategy","Label":"TestIdGenerationStrategy","Category":"","Description":"","Attributes":1,"ValueType":"System.Int32"},"Value":2},{"Key":{"Id":"TestCase.Hierarchy","Label":"Hierarchy","Category":"","Description":"","Attributes":2,"ValueType":"System.String[]"},"Value":[null,"TestsProject","TimeArrayTests","TimeArray_Indexer_Get"]},{"Key":{"Id":"TestCase.ManagedType","Label":"ManagedType","Category":"","Description":"","Attributes":1,"ValueType":"System.String"},"Value":"TestsProject.TimeArrayTests"}]},"Attachments":[],"Outcome":1,"ErrorMessage":null,"ErrorStackTrace":null,"DisplayName":"TimeArray_Indexer_Get","Messages":[],"ComputerName":"DESKTOP-QF32D50","Duration":"00:00:00.0004074","StartTime":"2024-12-01T14:13:48.6229703+05:00","EndTime":"2024-12-01T14:13:48.6236133+05:00","Properties":[{"Key":{"Id":"InnerResultsCount","Label":"InnerResultsCount","Category":"","Description":"","Attributes":1,"ValueType":"System.Int32"},"Value":0},{"Key":{"Id":"ParentExecId","Label":"ParentExecId","Category":"","Description":"","Attributes":1,"ValueType":"System.Guid"},"Value":"00000000-0000-0000-0000-000000000000"},{"Key":{"Id":"ExecutionId","Label":"ExecutionId","Category":"","Description":"","Attributes":1,"ValueType":"System.Guid"},"Value":"00000000-0000-0000-0000-000000000000"}]},{"TestCase":{"Id":"4ac463b7-24cd-8bd7-c822-03688f26858e","FullyQualifiedName":"TestsProject.TimeArrayTests.TimeArray_Indexer_Set","DisplayName":"TimeArray_Indexer_Set","ExecutorUri":"executor://MSTestAdapter/v2","Source":"C:\\Users\\Василий\\Desktop\\Homeworks_course2\\ООП ПР\\PR_9\\PR_9\\TestProject\\bin\\Debug\\net8.0\\fine-code-coverage\\build-output\\TestProject.dll","CodeFilePath":null,"LineNumber":-1,"Properties":[{"Key":{"Id":"TestCase.ManagedMethod","Label":"ManagedMethod","Category":"","Description":"","Attributes":1,"ValueType":"System.String"},"Value":"TimeArray_Indexer_Set"},{"Key":{"Id":"MSTestDiscoverer.TestClassName","Label":"ClassName","Category":"","Description":"","Attributes":1,"ValueType":"System.String"},"Value":"TestsProject.TimeArrayTests"},{"Key":{"Id":"TestObject.Traits","Label":"Признаки","Category":"","Description":"","Attributes":5,"ValueType":"System.Collections.Generic.KeyValuePair`2[[System.String],[System.String]][]"},"Value":[]},{"Key":{"Id":"MSTest.TestIdGenerationStrategy","Label":"TestIdGenerationStrategy","Category":"","Description":"","Attributes":1,"ValueType":"System.Int32"},"Value":2},{"Key":{"Id":"TestCase.Hierarchy","Label":"Hierarchy","Category":"","Description":"","Attributes":2,"ValueType":"System.String[]"},"Value":[null,"TestsProject","TimeArrayTests","TimeArray_Indexer_Set"]},{"Key":{"Id":"TestCase.ManagedType","Label":"ManagedType","Category":"","Description":"","Attributes":1,"ValueType":"System.String"},"Value":"TestsProject.TimeArrayTests"}]},"Attachments":[],"Outcome":1,"ErrorMessage":null,"ErrorStackTrace":null,"DisplayName":"TimeArray_Indexer_Set","Messages":[],"ComputerName":"DESKTOP-QF32D50","Duration":"00:00:00.0002864","StartTime":"2024-12-01T14:13:48.6264988+05:00","EndTime":"2024-12-01T14:13:48.6269734+05:00","Properties":[{"Key":{"Id":"InnerResultsCount","Label":"InnerResultsCount","Category":"","Description":"","Attributes":1,"ValueType":"System.Int32"},"Value":0},{"Key":{"Id":"ParentExecId","Label":"ParentExecId","Category":"","Description":"","Attributes":1,"ValueType":"System.Guid"},"Value":"00000000-0000-0000-0000-000000000000"},{"Key":{"Id":"ExecutionId","Label":"ExecutionId","Category":"","Description":"","Attributes":1,"ValueType":"System.Guid"},"Value":"00000000-0000-0000-0000-000000000000"}]},{"TestCase":{"Id":"e142765d-4bdd-73d0-4e26-2dc2a008df09","FullyQualifiedName":"TestsProject.TimeArrayTests.TimeArray_Constructor_MinMaxLen","DisplayName":"TimeArray_Constructor_MinMaxLen","ExecutorUri":"executor://MSTestAdapter/v2","Source":"C:\\Users\\Василий\\Desktop\\Homeworks_course2\\ООП ПР\\PR_9\\PR_9\\TestProject\\bin\\Debug\\net8.0\\fine-code-coverage\\build-output\\TestProject.dll","CodeFilePath":null,"LineNumber":-1,"Properties":[{"Key":{"Id":"TestCase.ManagedMethod","Label":"ManagedMethod","Category":"","Description":"","Attributes":1,"ValueType":"System.String"},"Value":"TimeArray_Constructor_MinMaxLen"},{"Key":{"Id":"MSTestDiscoverer.TestClassName","Label":"ClassName","Category":"","Description":"","Attributes":1,"ValueType":"System.String"},"Value":"TestsProject.TimeArrayTests"},{"Key":{"Id":"TestObject.Traits","Label":"Признаки","Category":"","Description":"","Attributes":5,"ValueType":"System.Collections.Generic.KeyValuePair`2[[System.String],[System.String]][]"},"Value":[]},{"Key":{"Id":"MSTest.TestIdGenerationStrategy","Label":"TestIdGenerationStrategy","Category":"","Description":"","Attributes":1,"ValueType":"System.Int32"},"Value":2},{"Key":{"Id":"TestCase.Hierarchy","Label":"Hierarchy","Category":"","Description":"","Attributes":2,"ValueType":"System.String[]"},"Value":[null,"TestsProject","TimeArrayTests","TimeArray_Constructor_MinMaxLen"]},{"Key":{"Id":"TestCase.ManagedType","Label":"ManagedType","Category":"","Description":"","Attributes":1,"ValueType":"System.String"},"Value":"TestsProject.TimeArrayTests"}]},"Attachments":[],"Outcome":1,"ErrorMessage":null,"ErrorStackTrace":null,"DisplayName":"TimeArray_Constructor_MinMaxLen","Messages":[],"ComputerName":"DESKTOP-QF32D50","Duration":"00:00:00.0004004","StartTime":"2024-12-01T14:13:48.6295499+05:00","EndTime":"2024-12-01T14:13:48.6301447+05:00","Properties":[{"Key":{"Id":"InnerResultsCount","Label":"InnerResultsCount","Category":"","Description":"","Attributes":1,"ValueType":"System.Int32"},"Value":0},{"Key":{"Id":"ParentExecId","Label":"ParentExecId","Category":"","Description":"","Attributes":1,"ValueType":"System.Guid"},"Value":"00000000-0000-0000-0000-000000000000"},{"Key":{"Id":"ExecutionId","Label":"ExecutionId","Category":"","Description":"","Attributes":1,"ValueType":"System.Guid"},"Value":"00000000-0000-0000-0000-000000000000"}]},{"TestCase":{"Id":"2d82bc3b-2917-8945-40ba-12e1bcd1975b","FullyQualifiedName":"TestsProject.TimeArrayTests.TimeArray_Check_Exceptions","DisplayName":"TimeArray_Check_Exceptions","ExecutorUri":"executor://MSTestAdapter/v2","Source":"C:\\Users\\Василий\\Desktop\\Homeworks_course2\\ООП ПР\\PR_9\\PR_9\\TestProject\\bin\\Debug\\net8.0\\fine-code-coverage\\build-output\\TestProject.dll","CodeFilePath":null,"LineNumber":-1,"Properties":[{"Key":{"Id":"TestCase.ManagedMethod","Label":"ManagedMethod","Category":"","Description":"","Attributes":1,"ValueType":"System.String"},"Value":"TimeArray_Check_Exceptions"},{"Key":{"Id":"MSTestDiscoverer.TestClassName","Label":"ClassName","Category":"","Description":"","Attributes":1,"ValueType":"System.String"},"Value":"TestsProject.TimeArrayTests"},{"Key":{"Id":"TestObject.Traits","Label":"Признаки","Category":"","Description":"","Attributes":5,"ValueType":"System.Collections.Generic.KeyValuePair`2[[System.String],[System.String]][]"},"Value":[]},{"Key":{"Id":"MSTest.TestIdGenerationStrategy","Label":"TestIdGenerationStrategy","Category":"","Description":"","Attributes":1,"ValueType":"System.Int32"},"Value":2},{"Key":{"Id":"TestCase.Hierarchy","Label":"Hierarchy","Category":"","Description":"","Attributes":2,"ValueType":"System.String[]"},"Value":[null,"TestsProject","TimeArrayTests","TimeArray_Check_Exceptions"]},{"Key":{"Id":"TestCase.ManagedType","Label":"ManagedType","Category":"","Description":"","Attributes":1,"ValueType":"System.String"},"Value":"TestsProject.TimeArrayTests"}]},"Attachments":[],"Outcome":1,"ErrorMessage":null,"ErrorStackTrace":null,"DisplayName":"TimeArray_Check_Exceptions","Messages":[],"ComputerName":"DESKTOP-QF32D50","Duration":"00:00:00.0006328","StartTime":"2024-12-01T14:13:48.6327157+05:00","EndTime":"2024-12-01T14:13:48.6336049+05:00","Properties":[{"Key":{"Id":"InnerResultsCount","Label":"InnerResultsCount","Category":"","Description":"","Attributes":1,"ValueType":"System.Int32"},"Value":0},{"Key":{"Id":"ParentExecId","Label":"ParentExecId","Category":"","Description":"","Attributes":1,"ValueType":"System.Guid"},"Value":"00000000-0000-0000-0000-000000000000"},{"Key":{"Id":"ExecutionId","Label":"ExecutionId","Category":"","Description":"","Attributes":1,"ValueType":"System.Guid"},"Value":"00000000-0000-0000-0000-000000000000"}]},{"TestCase":{"Id":"b44f2284-4b2d-32b7-a533-29189fedf55b","FullyQualifiedName":"TestsProject.TimeArrayTests.TimeArray_ToString","DisplayName":"TimeArray_ToString","ExecutorUri":"executor://MSTestAdapter/v2","Source":"C:\\Users\\Василий\\Desktop\\Homeworks_course2\\ООП ПР\\PR_9\\PR_9\\TestProject\\bin\\Debug\\net8.0\\fine-code-coverage\\build-output\\TestProject.dll","CodeFilePath":null,"LineNumber":-1,"Properties":[{"Key":{"Id":"TestCase.ManagedMethod","Label":"ManagedMethod","Category":"","Description":"","Attributes":1,"ValueType":"System.String"},"Value":"TimeArray_ToString"},{"Key":{"Id":"MSTestDiscoverer.TestClassName","Label":"ClassName","Category":"","Description":"","Attributes":1,"ValueType":"System.String"},"Value":"TestsProject.TimeArrayTests"},{"Key":{"Id":"TestObject.Traits","Label":"Признаки","Category":"","Description":"","Attributes":5,"ValueType":"System.Collections.Generic.KeyValuePair`2[[System.String],[System.String]][]"},"Value":[]},{"Key":{"Id":"MSTest.TestIdGenerationStrategy","Label":"TestIdGenerationStrategy","Category":"","Description":"","Attributes":1,"ValueType":"System.Int32"},"Value":2},{"Key":{"Id":"TestCase.Hierarchy","Label":"Hierarchy","Category":"","Description":"","Attributes":2,"ValueType":"System.String[]"},"Value":[null,"TestsProject","TimeArrayTests","TimeArray_ToString"]},{"Key":{"Id":"TestCase.ManagedType","Label":"ManagedType","Category":"","Description":"","Attributes":1,"ValueType":"System.String"},"Value":"TestsProject.TimeArrayTests"}]},"Attachments":[],"Outcome":1,"ErrorMessage":null,"ErrorStackTrace":null,"DisplayName":"TimeArray_ToString","Messages":[],"ComputerName":"DESKTOP-QF32D50","Duration":"00:00:00.0008640","StartTime":"2024-12-01T14:13:48.6366505+05:00","EndTime":"2024-12-01T14:13:48.6383496+05:00","Properties":[{"Key":{"Id":"InnerResultsCount","Label":"InnerResultsCount","Category":"","Description":"","Attributes":1,"ValueType":"System.Int32"},"Value":0},{"Key":{"Id":"ParentExecId","Label":"ParentExecId","Category":"","Description":"","Attributes":1,"ValueType":"System.Guid"},"Value":"00000000-0000-0000-0000-000000000000"},{"Key":{"Id":"ExecutionId","Label":"ExecutionId","Category":"","Description":"","Attributes":1,"ValueType":"System.Guid"},"Value":"00000000-0000-0000-0000-000000000000"}]}],"TestRunStatistics":{"ExecutedTests":15,"Stats":{"Passed":15}},"ActiveTests":[]},"RunAttachments":[],"ExecutorUris":["executor://mstestadapter/v2"]}}
TpTrace Verbose: 0 : 11608, 4, 2024/12/01, 14:13:48.653, 55473754139, vstest.console.dll, MulticastDelegateUtilities.SafeInvoke: InternalTestLoggerEvents.SendTestResult: Invoking callback 1/1 for Microsoft.VisualStudio.TestPlatform.CommandLine.Internal.ConsoleLogger., took 0 ms.
TpTrace Verbose: 0 : 11608, 15, 2024/12/01, 14:13:48.653, 55473755560, vstest.console.dll, TestRequestSender.EndSession: Sending end session.
TpTrace Verbose: 0 : 11608, 4, 2024/12/01, 14:13:48.653, 55473755927, vstest.console.dll, MulticastDelegateUtilities.SafeInvoke: InternalTestLoggerEvents.SendTestResult: Invoking callback 1/1 for Microsoft.VisualStudio.TestPlatform.CommandLine.Internal.ConsoleLogger., took 0 ms.
TpTrace Verbose: 0 : 11608, 4, 2024/12/01, 14:13:48.653, 55473756373, vstest.console.dll, MulticastDelegateUtilities.SafeInvoke: InternalTestLoggerEvents.SendTestResult: Invoking callback 1/1 for Microsoft.VisualStudio.TestPlatform.CommandLine.Internal.ConsoleLogger., took 0 ms.
TpTrace Verbose: 0 : 11608, 4, 2024/12/01, 14:13:48.653, 55473756667, vstest.console.dll, MulticastDelegateUtilities.SafeInvoke: InternalTestLoggerEvents.SendTestResult: Invoking callback 1/1 for Microsoft.VisualStudio.TestPlatform.CommandLine.Internal.ConsoleLogger., took 0 ms.
TpTrace Verbose: 0 : 11608, 4, 2024/12/01, 14:13:48.653, 55473756910, vstest.console.dll, MulticastDelegateUtilities.SafeInvoke: InternalTestLoggerEvents.SendTestResult: Invoking callback 1/1 for Microsoft.VisualStudio.TestPlatform.CommandLine.Internal.ConsoleLogger., took 0 ms.
TpTrace Verbose: 0 : 11608, 15, 2024/12/01, 14:13:48.653, 55473757012, vstest.console.dll, ProxyOperationManager.Close: waiting for test host to exit for 100 ms
TpTrace Verbose: 0 : 11608, 4, 2024/12/01, 14:13:48.653, 55473757217, vstest.console.dll, MulticastDelegateUtilities.SafeInvoke: InternalTestLoggerEvents.SendTestResult: Invoking callback 1/1 for Microsoft.VisualStudio.TestPlatform.CommandLine.Internal.ConsoleLogger., took 0 ms.
TpTrace Verbose: 0 : 11608, 4, 2024/12/01, 14:13:48.653, 55473757615, vstest.console.dll, MulticastDelegateUtilities.SafeInvoke: InternalTestLoggerEvents.SendTestResult: Invoking callback 1/1 for Microsoft.VisualStudio.TestPlatform.CommandLine.Internal.ConsoleLogger., took 0 ms.
TpTrace Verbose: 0 : 11608, 7, 2024/12/01, 14:13:48.662, 55473849151, vstest.console.dll, TestHostManagerCallbacks.StandardOutputReceivedCallback Test host standard output line: 
TpTrace Warning: 0 : 11608, 13, 2024/12/01, 14:13:48.662, 55473849164, vstest.console.dll, TestHostManagerCallbacks.ErrorReceivedCallback Test host standard error line: 
TpTrace Verbose: 0 : 11608, 13, 2024/12/01, 14:13:48.668, 55473907048, vstest.console.dll, TestHostProvider.ExitCallBack: Host exited starting callback.
TpTrace Information: 0 : 11608, 13, 2024/12/01, 14:13:48.668, 55473908484, vstest.console.dll, TestHostManagerCallbacks.ExitCallBack: Testhost processId: 10780 exited with exitcode: 0 error: ''
TpTrace Verbose: 0 : 11608, 13, 2024/12/01, 14:13:48.668, 55473908732, vstest.console.dll, DotnetTestHostManager.OnHostExited: invoking OnHostExited callback
TpTrace Verbose: 0 : 11608, 13, 2024/12/01, 14:13:48.668, 55473909174, vstest.console.dll, CrossPlatEngine.TestHostManagerHostExited: calling on client process exit callback.
TpTrace Information: 0 : 11608, 13, 2024/12/01, 14:13:48.668, 55473909555, vstest.console.dll, TestRequestSender.OnClientProcessExit: Test host process exited. Standard error: 
TpTrace Information: 0 : 11608, 13, 2024/12/01, 14:13:48.668, 55473909796, vstest.console.dll, SocketServer.Stop: Stop server endPoint: 127.0.0.1:53008
TpTrace Information: 0 : 11608, 13, 2024/12/01, 14:13:48.668, 55473909978, vstest.console.dll, SocketServer.Stop: Cancellation requested. Stopping message loop.
TpTrace Information: 0 : 11608, 15, 2024/12/01, 14:13:48.668, 55473909981, vstest.console.dll, SocketServer.Stop: Stop server endPoint: 127.0.0.1:53008
TpTrace Information: 0 : 11608, 15, 2024/12/01, 14:13:48.669, 55473910653, vstest.console.dll, SocketServer.Stop: Cancellation requested. Stopping message loop.
TpTrace Information: 0 : 11608, 15, 2024/12/01, 14:13:48.669, 55473910943, vstest.console.dll, Closing the connection
TpTrace Verbose: 0 : 11608, 13, 2024/12/01, 14:13:48.669, 55473910963, vstest.console.dll, MulticastDelegateUtilities.SafeInvoke: HostProviderEvents.OnHostExited: Invoking callback 1/1 for Microsoft.VisualStudio.TestPlatform.CrossPlatEngine.Client.ProxyOperationManager., took 0 ms.
TpTrace Verbose: 0 : 11608, 15, 2024/12/01, 14:13:48.669, 55473912572, vstest.console.dll, ProxyDataCollectionManager.InvokeDataCollectionServiceAction: Starting.
TpTrace Information: 0 : 11608, 15, 2024/12/01, 14:13:48.669, 55473913136, vstest.console.dll, ProxyDataCollectionManager.AfterTestRunEnd: Get attachment set and invoked data collectors processId: 14756 port: 53005
TpTrace Verbose: 0 : 11608, 15, 2024/12/01, 14:13:48.669, 55473913728, vstest.console.dll, DataCollectionRequestSender.SendAfterTestRunStartAndGetResult: Send AfterTestRunEnd message with isCancelled: False
TpTrace Verbose: 0 : 11608, 15, 2024/12/01, 14:13:48.674, 55473961061, vstest.console.dll, DataCollectionRequestSender.SendAfterTestRunStartAndGetResult: Received message: (DataCollection.AfterTestRunEndResult) -> {"MessageType":"DataCollection.AfterTestRunEndResult","Payload":{"AttachmentSets":[],"InvokedDataCollectors":[{"Uri":"datacollector://Microsoft/TestPlatform/Extensions/Blame/v1","FriendlyName":"Blame","AssemblyQualifiedName":"Microsoft.TestPlatform.Extensions.BlameDataCollector.BlameCollector, Microsoft.TestPlatform.Extensions.BlameDataCollector, Version=15.0.0.0, Culture=neutral, PublicKeyToken=b03f5f7f11d50a3a","FilePath":"C:\\Program Files\\dotnet\\sdk\\8.0.403\\Extensions\\Microsoft.TestPlatform.Extensions.BlameDataCollector.dll","HasAttachmentProcessor":false}],"Metrics":{}}}
TpTrace Warning: 0 : 11608, 11, 2024/12/01, 14:13:48.677, 55473991916, vstest.console.dll, DataCollectionLauncher.ErrorReceivedCallback datacollector standard error line: 
TpTrace Information: 0 : 11608, 15, 2024/12/01, 14:13:48.678, 55474006436, vstest.console.dll, ProxyDataCollectionManager.InvokeDataCollectionServiceAction: Completed.
TpTrace Information: 0 : 11608, 11, 2024/12/01, 14:13:48.681, 55474035554, vstest.console.dll, DataCollectionLauncher.ExitCallBack: Data collector exited with exitcode: 0 error: ''
TpTrace Verbose: 0 : 11608, 15, 2024/12/01, 14:13:48.715, 55474374727, vstest.console.dll, TestRunRequest:SendTestRunStatsChange: Starting.
TpTrace Verbose: 0 : 11608, 15, 2024/12/01, 14:13:48.715, 55474376113, vstest.console.dll, MulticastDelegateUtilities.SafeInvoke: TestRun.RunStatsChanged: Invoking callbacks was skipped because there are no subscribers.
TpTrace Information: 0 : 11608, 15, 2024/12/01, 14:13:48.715, 55474376317, vstest.console.dll, TestRunRequest:SendTestRunStatsChange: Completed.
TpTrace Verbose: 0 : 11608, 4, 2024/12/01, 14:13:48.715, 55474377328, vstest.console.dll, MulticastDelegateUtilities.SafeInvoke: InternalTestLoggerEvents.SendTestResult: Invoking callback 1/1 for Microsoft.VisualStudio.TestPlatform.CommandLine.Internal.ConsoleLogger., took 0 ms.
TpTrace Verbose: 0 : 11608, 4, 2024/12/01, 14:13:48.715, 55474378362, vstest.console.dll, MulticastDelegateUtilities.SafeInvoke: InternalTestLoggerEvents.SendTestResult: Invoking callback 1/1 for Microsoft.VisualStudio.TestPlatform.CommandLine.Internal.ConsoleLogger., took 0 ms.
TpTrace Verbose: 0 : 11608, 15, 2024/12/01, 14:13:48.715, 55474379052, vstest.console.dll, ParallelProxyExecutionManager: HandlePartialRunComplete: Total workloads = 1, Total started clients = 1 Total completed clients = 1, Run complete = True, Run canceled: False.
TpTrace Verbose: 0 : 11608, 15, 2024/12/01, 14:13:48.715, 55474379310, vstest.console.dll, ParallelProxyExecutionManager: HandlePartialRunComplete: All runs completed stopping all managers.
TpTrace Verbose: 0 : 11608, 15, 2024/12/01, 14:13:48.715, 55474379523, vstest.console.dll, ParallelOperationManager.StopAllManagers: Stopping all managers.
TpTrace Verbose: 0 : 11608, 15, 2024/12/01, 14:13:48.715, 55474379702, vstest.console.dll, ParallelOperationManager.ClearSlots: Clearing all slots. Slots should accept more work: False
TpTrace Verbose: 0 : 11608, 15, 2024/12/01, 14:13:48.715, 55474379951, vstest.console.dll, ParallelOperationManager.SetOccupiedSlotCount: Setting slot counts AvailableSlotCount = 1, OccupiedSlotCount = 0.
TpTrace Verbose: 0 : 11608, 15, 2024/12/01, 14:13:48.715, 55474380161, vstest.console.dll, Occupied slots:

TpTrace Verbose: 0 : 11608, 4, 2024/12/01, 14:13:48.716, 55474388090, vstest.console.dll, MulticastDelegateUtilities.SafeInvoke: InternalTestLoggerEvents.SendTestResult: Invoking callback 1/1 for Microsoft.VisualStudio.TestPlatform.CommandLine.Internal.ConsoleLogger., took 0 ms.
TpTrace Verbose: 0 : 11608, 4, 2024/12/01, 14:13:48.716, 55474389494, vstest.console.dll, MulticastDelegateUtilities.SafeInvoke: InternalTestLoggerEvents.SendTestResult: Invoking callback 1/1 for Microsoft.VisualStudio.TestPlatform.CommandLine.Internal.ConsoleLogger., took 0 ms.
TpTrace Verbose: 0 : 11608, 4, 2024/12/01, 14:13:48.716, 55474389828, vstest.console.dll, MulticastDelegateUtilities.SafeInvoke: InternalTestLoggerEvents.SendTestResult: Invoking callback 1/1 for Microsoft.VisualStudio.TestPlatform.CommandLine.Internal.ConsoleLogger., took 0 ms.
TpTrace Verbose: 0 : 11608, 4, 2024/12/01, 14:13:48.716, 55474390112, vstest.console.dll, MulticastDelegateUtilities.SafeInvoke: InternalTestLoggerEvents.SendTestResult: Invoking callback 1/1 for Microsoft.VisualStudio.TestPlatform.CommandLine.Internal.ConsoleLogger., took 0 ms.
TpTrace Verbose: 0 : 11608, 4, 2024/12/01, 14:13:48.721, 55474438496, vstest.console.dll, MulticastDelegateUtilities.SafeInvoke: InternalTestLoggerEvents.SendTestRunComplete: Invoking callback 1/2 for Microsoft.TestPlatform.Extensions.BlameDataCollector.BlameLogger., took 0 ms.
TpTrace Verbose: 0 : 11608, 4, 2024/12/01, 14:13:48.725, 55474477457, vstest.console.dll, MulticastDelegateUtilities.SafeInvoke: InternalTestLoggerEvents.SendTestRunComplete: Invoking callback 2/2 for Microsoft.VisualStudio.TestPlatform.CommandLine.Internal.ConsoleLogger., took 3 ms.
TpTrace Verbose: 0 : 11608, 15, 2024/12/01, 14:13:48.726, 55474480900, vstest.console.dll, TestRunRequest:TestRunComplete: Starting. IsAborted:False IsCanceled:False.
TpTrace Verbose: 0 : 11608, 15, 2024/12/01, 14:13:48.726, 55474483072, vstest.console.dll, ParallelOperationManager.DoActionOnAllManagers: Calling an action on all managers.
TpTrace Verbose: 0 : 11608, 15, 2024/12/01, 14:13:48.727, 55474496972, vstest.console.dll, TestLoggerManager.HandleTestRunComplete: Ignoring as the object is disposed.
TpTrace Verbose: 0 : 11608, 15, 2024/12/01, 14:13:48.727, 55474498958, vstest.console.dll, MulticastDelegateUtilities.SafeInvoke: TestRun.TestRunComplete: Invoking callback 1/2 for Microsoft.VisualStudio.TestPlatform.CommandLine.TestRunResultAggregator., took 0 ms.
TpTrace Verbose: 0 : 11608, 15, 2024/12/01, 14:13:48.727, 55474499761, vstest.console.dll, MulticastDelegateUtilities.SafeInvoke: TestRun.TestRunComplete: Invoking callback 2/2 for Microsoft.VisualStudio.TestPlatform.CommandLine.Processors.RunTestsArgumentExecutor+TestRunRequestEventsRegistrar., took 0 ms.
TpTrace Information: 0 : 11608, 15, 2024/12/01, 14:13:48.728, 55474500462, vstest.console.dll, TestRunRequest:TestRunComplete: Completed.
TpTrace Verbose: 0 : 11608, 15, 2024/12/01, 14:13:48.728, 55474500703, vstest.console.dll, TestRequestSender.SetOperationComplete: Setting operation complete.
TpTrace Verbose: 0 : 11608, 1, 2024/12/01, 14:13:48.728, 55474500780, vstest.console.dll, TestRunRequest.Dispose: Starting.
TpTrace Information: 0 : 11608, 15, 2024/12/01, 14:13:48.728, 55474500868, vstest.console.dll, SocketServer.Stop: Stop server endPoint: 127.0.0.1:53008
TpTrace Information: 0 : 11608, 1, 2024/12/01, 14:13:48.728, 55474501366, vstest.console.dll, TestRunRequest.Dispose: Completed.
TpTrace Information: 0 : 11608, 15, 2024/12/01, 14:13:48.728, 55474501500, vstest.console.dll, SocketServer.Stop: Cancellation requested. Stopping message loop.
TpTrace Information: 0 : 11608, 1, 2024/12/01, 14:13:48.728, 55474501850, vstest.console.dll, TestRequestManager.RunTests: run tests completed.
TpTrace Verbose: 0 : 11608, 15, 2024/12/01, 14:13:48.728, 55474501960, vstest.console.dll, MulticastDelegateUtilities.SafeInvoke: LengthPrefixCommunicationChannel: MessageReceived: Invoking callback 1/1 for Microsoft.VisualStudio.TestPlatform.CommunicationUtilities.TestRequestSender+<>c__DisplayClass34_0., took 74 ms.
TpTrace Information: 0 : 11608, 15, 2024/12/01, 14:13:48.728, 55474502393, vstest.console.dll, SocketServer.PrivateStop: Stopping server endPoint: 127.0.0.1:53008 error: 
TpTrace Information: 0 : 11608, 1, 2024/12/01, 14:13:48.728, 55474502480, vstest.console.dll, RunTestsArgumentProcessor:Execute: Test run is completed.
TpTrace Verbose: 0 : 11608, 1, 2024/12/01, 14:13:48.728, 55474503981, vstest.console.dll, Executor.Execute: Exiting with exit code of 0
TpTrace Verbose: 0 : 11608, 15, 2024/12/01, 14:13:48.728, 55474505541, vstest.console.dll, LengthPrefixCommunicationChannel.Dispose: Dispose reader and writer.
TpTrace Information: 0 : 11608, 15, 2024/12/01, 14:13:48.728, 55474506078, vstest.console.dll, SocketServer.Stop: Raise disconnected event endPoint: 127.0.0.1:53008 error: 
TpTrace Verbose: 0 : 11608, 15, 2024/12/01, 14:13:48.728, 55474506745, vstest.console.dll, TestRequestSender: OnTestRunAbort: Operation is already complete. Skip error message.
TpTrace Verbose: 0 : 11608, 15, 2024/12/01, 14:13:48.728, 55474507009, vstest.console.dll, MulticastDelegateUtilities.SafeInvoke: SocketServer: ClientDisconnected: Invoking callback 1/1 for Microsoft.VisualStudio.TestPlatform.CommunicationUtilities.TestRequestSender., took 0 ms.
TpTrace Verbose: 0 : 11608, 15, 2024/12/01, 14:13:48.728, 55474507268, vstest.console.dll, TcpClientExtensions.MessageLoopAsync: exiting MessageLoopAsync remoteEndPoint: 127.0.0.1:53009 localEndPoint: 127.0.0.1:53008
